<?xml version="1.0" encoding="UTF-8"?>
<testsuites name="Verify Technical details" time="90" tests="0" failures="2" errors="0">
   <testsuite name="Verify Technical details" tests="0" failures="2" errors="0" time="90" timestamp="2017-11-10 14:23:17" hostname="raycp - L23017WIN.rpega.com" id="Test Suites/Pooja/Verify Technical details">
      <properties>
         <property name="deviceName" value=""/>
         <property name="devicePlatform" value=""/>
         <property name="logFolder" value="C:\\Users\\raycp\\Desktop\\COE\\Reports\\Pooja\\Verify Technical details\\20171110_142314"/>
         <property name="logFiles" value="C:\\Users\\raycp\\Desktop\\COE\\Reports\\Pooja\\Verify Technical details\\20171110_142314\\execution0.log"/>
         <property name="attachments" value="C:\\Users\\raycp\\Desktop\\COE\\Reports\\Pooja\\Verify Technical details\\20171110_142314\\1510304052433.png, C:\\Users\\raycp\\Desktop\\COE\\Reports\\Pooja\\Verify Technical details\\20171110_142314\\1510304085148.png"/>
         <property name="hostName" value="raycp - L23017WIN.rpega.com"/>
         <property name="os" value="Windows 10 32bit"/>
         <property name="katalonVersion" value="4.8.0.2"/>
         <property name="browser" value="Chrome 61.0.3163.100"/>
         <property name="hostAddress" value="10.150.104.17"/>
         <property name="sessionId" value="6a1f16c8ed3383462886a50123b6562e"/>
         <property name="seleniumVersion" value="2.53.0"/>
         <property name="proxyInformation" value="ProxyInformation{proxyOption=NO_PROXY, proxyServerType=HTTP, password=, proxyServerAddress=, proxyServerPort=0}"/>
         <property name="platform" value="Windows 10"/>
      </properties>
      <testcase name="Test Cases/GOLIVE/Enter Business Case" classname="Test Cases/GOLIVE/Enter Business Case" status="FAILED">
         <failure type="FAILED" message="Unable to double click on object 'Object Repository/GOLive_Objects/Search/Page_AIAManager/span_OGL-1608' (Root cause: com.kms.katalon.core.webui.exception.WebElementNotFoundException: Web element with id: 'Object Repository/GOLive_Objects/Search/Page_AIAManager/span_OGL-1608' located by 'By.xpath: /html/body/div[2]/form/div[3]/table/tbody/tr/td/div/div/div[2]/div/div/div/div/div/div[2]/div/div/div/div/div/table/tbody/tr/td/div/div/div[2]/table/tbody/tr/td[2]/div/table/tbody/tr[2]/td[1]/div/span' not found)"/>
         <system-out><![CDATA[2017-11-10 14:23:17 - [TEST_CASE][FAILED] - Test Cases/GOLIVE/Enter Business Case: Test Cases/GOLIVE/Enter Business Case FAILED because (of) Unable to double click on object 'Object Repository/GOLive_Objects/Search/Page_AIAManager/span_OGL-1608' (Root cause: com.kms.katalon.core.webui.exception.WebElementNotFoundException: Web element with id: 'Object Repository/GOLive_Objects/Search/Page_AIAManager/span_OGL-1608' located by 'By.xpath: /html/body/div[2]/form/div[3]/table/tbody/tr/td/div/div/div[2]/div/div/div/div/div/div[2]/div/div/div/div/div/table/tbody/tr/td/div/div/div[2]/table/tbody/tr/td[2]/div/table/tbody/tr[2]/td[1]/div/span' not found)

2017-11-10 14:23:18 - [TEST_STEP][PASSED] - openBrowser: Browser is opened with url: ''

2017-11-10 14:23:22 - [MESSAGE][PASSED] - Browser is opened with url: ''

2017-11-10 14:23:22 - [TEST_STEP][PASSED] - navigateToUrl: Navigate to 'https://vciaqa.rpega.com:8333/ciaqa/PRServlet/dGKN-A6ThDliXf4sywRqw74EFIEOGY6R*/!STANDARD' successfully

2017-11-10 14:23:24 - [MESSAGE][PASSED] - Navigate to 'https://vciaqa.rpega.com:8333/ciaqa/PRServlet/dGKN-A6ThDliXf4sywRqw74EFIEOGY6R*/!STANDARD' successfully

2017-11-10 14:23:24 - [TEST_STEP][PASSED] - setText: Text 'hendj@pegasystems.com' is set on object 'Object Repository/GOLive_Objects/Search/Page_Pega 7/input_UserIdentifier'

2017-11-10 14:23:25 - [MESSAGE][PASSED] - Text 'hendj@pegasystems.com' is set on object 'Object Repository/GOLive_Objects/Search/Page_Pega 7/input_UserIdentifier'

2017-11-10 14:23:25 - [TEST_STEP][PASSED] - setText: Text 'install' is set on object 'Object Repository/GOLive_Objects/Search/Page_Pega 7/input_Password'

2017-11-10 14:23:25 - [MESSAGE][PASSED] - Text 'install' is set on object 'Object Repository/GOLive_Objects/Search/Page_Pega 7/input_Password'

2017-11-10 14:23:25 - [TEST_STEP][PASSED] - sendKeys: Keys '' sent to object: 'Object Repository/GOLive_Objects/Search/Page_Pega 7/input_Password'

2017-11-10 14:23:33 - [MESSAGE][PASSED] - Keys '' sent to object: 'Object Repository/GOLive_Objects/Search/Page_Pega 7/input_Password'

2017-11-10 14:23:33 - [TEST_STEP][PASSED] - maximizeWindow: Current window maximized

2017-11-10 14:23:34 - [MESSAGE][PASSED] - Current window maximized

2017-11-10 14:23:34 - [TEST_STEP][PASSED] - click: Object: 'Object Repository/GOLive_Objects/Search/Page_AIAManager/span_Advanced Search' is clicked on

2017-11-10 14:23:34 - [MESSAGE][PASSED] - Object: 'Object Repository/GOLive_Objects/Search/Page_AIAManager/span_Advanced Search' is clicked on

2017-11-10 14:23:34 - [TEST_STEP][PASSED] - click: Object: 'Object Repository/GOLive_Objects/Search/Page_AIAManager/label_Go Live' is clicked on

2017-11-10 14:23:35 - [MESSAGE][PASSED] - Object: 'Object Repository/GOLive_Objects/Search/Page_AIAManager/label_Go Live' is clicked on

2017-11-10 14:23:35 - [TEST_STEP][PASSED] - setText: Text 'OGL-1719' is set on object 'Object Repository/GOLive_Objects/Search/Page_AIAManager/input_PpyDisplayHarnesspSearch'

2017-11-10 14:23:40 - [MESSAGE][PASSED] - Text 'OGL-1719' is set on object 'Object Repository/GOLive_Objects/Search/Page_AIAManager/input_PpyDisplayHarnesspSearch'

2017-11-10 14:23:40 - [TEST_STEP][PASSED] - click: Object: 'Object Repository/GOLive_Objects/Search/Page_AIAManager/div_Search' is clicked on

2017-11-10 14:23:40 - [MESSAGE][PASSED] - Object: 'Object Repository/GOLive_Objects/Search/Page_AIAManager/div_Search' is clicked on

2017-11-10 14:23:40 - [TEST_STEP][FAILED] - doubleClick: Unable to double click on object 'Object Repository/GOLive_Objects/Search/Page_AIAManager/span_OGL-1608' (Root cause: com.kms.katalon.core.webui.exception.WebElementNotFoundException: Web element with id: 'Object Repository/GOLive_Objects/Search/Page_AIAManager/span_OGL-1608' located by 'By.xpath: /html/body/div[2]/form/div[3]/table/tbody/tr/td/div/div/div[2]/div/div/div/div/div/div[2]/div/div/div/div/div/table/tbody/tr/td/div/div/div[2]/table/tbody/tr/td[2]/div/table/tbody/tr[2]/td[1]/div/span' not found)

2017-11-10 14:24:13 - [MESSAGE][FAILED] - Unable to double click on object 'Object Repository/GOLive_Objects/Search/Page_AIAManager/span_OGL-1608' (Root cause: com.kms.katalon.core.webui.exception.WebElementNotFoundException: Web element with id: 'Object Repository/GOLive_Objects/Search/Page_AIAManager/span_OGL-1608' located by 'By.xpath: /html/body/div[2]/form/div[3]/table/tbody/tr/td/div/div/div[2]/div/div/div/div/div/div[2]/div/div/div/div/div/table/tbody/tr/td/div/div/div[2]/table/tbody/tr/td[2]/div/table/tbody/tr[2]/td[1]/div/span' not found)
[[ATTACHMENT|C:\\Users\\raycp\\Desktop\\COE\\Reports\\Pooja\\Verify Technical details\\20171110_142314\\1510304052433.png]]]]></system-out>
         <system-err><![CDATA[2017-11-10 14:23:17 - [TEST_CASE][FAILED] - Test Cases/GOLIVE/Enter Business Case: Test Cases/GOLIVE/Enter Business Case FAILED because (of) Unable to double click on object 'Object Repository/GOLive_Objects/Search/Page_AIAManager/span_OGL-1608' (Root cause: com.kms.katalon.core.webui.exception.WebElementNotFoundException: Web element with id: 'Object Repository/GOLive_Objects/Search/Page_AIAManager/span_OGL-1608' located by 'By.xpath: /html/body/div[2]/form/div[3]/table/tbody/tr/td/div/div/div[2]/div/div/div/div/div/div[2]/div/div/div/div/div/table/tbody/tr/td/div/div/div[2]/table/tbody/tr/td[2]/div/table/tbody/tr[2]/td[1]/div/span' not found)]]></system-err>
      </testcase>
      <testcase name="Test Cases/GOLIVE/Enter Technical Details" classname="Test Cases/GOLIVE/Enter Technical Details" status="FAILED">
         <failure type="FAILED" message="Unable to select option by value 'Ind5' of object 'Object Repository/GOLive_Objects/Update Technical Details/Page_AIAManager/select_PpyWorkPagepSolutionMap'  using regular expression (Root cause: com.kms.katalon.core.webui.exception.WebElementNotFoundException: Web element with id: 'Object Repository/GOLive_Objects/Search/Page_AIAManager/iframe_PegaGadget2Ifr' located by 'By.xpath: //*[@name = 'PegaGadget2Ifr'][count(. | //*[@id = 'PegaGadget2Ifr']) = count(//*[@id = 'PegaGadget2Ifr'])]' not found)"/>
         <system-out><![CDATA[2017-11-10 14:24:13 - [TEST_CASE][FAILED] - Test Cases/GOLIVE/Enter Technical Details: Test Cases/GOLIVE/Enter Technical Details FAILED because (of) Unable to select option by value 'Ind5' of object 'Object Repository/GOLive_Objects/Update Technical Details/Page_AIAManager/select_PpyWorkPagepSolutionMap'  using regular expression (Root cause: com.kms.katalon.core.webui.exception.WebElementNotFoundException: Web element with id: 'Object Repository/GOLive_Objects/Search/Page_AIAManager/iframe_PegaGadget2Ifr' located by 'By.xpath: //*[@name = 'PegaGadget2Ifr'][count(. | //*[@id = 'PegaGadget2Ifr']) = count(//*[@id = 'PegaGadget2Ifr'])]' not found)

2017-11-10 14:24:13 - [TEST_STEP][FAILED] - selectOptionByValue: Unable to select option by value 'Ind5' of object 'Object Repository/GOLive_Objects/Update Technical Details/Page_AIAManager/select_PpyWorkPagepSolutionMap'  using regular expression (Root cause: com.kms.katalon.core.webui.exception.WebElementNotFoundException: Web element with id: 'Object Repository/GOLive_Objects/Search/Page_AIAManager/iframe_PegaGadget2Ifr' located by 'By.xpath: //*[@name = 'PegaGadget2Ifr'][count(. | //*[@id = 'PegaGadget2Ifr']) = count(//*[@id = 'PegaGadget2Ifr'])]' not found)

2017-11-10 14:24:45 - [MESSAGE][FAILED] - Unable to select option by value 'Ind5' of object 'Object Repository/GOLive_Objects/Update Technical Details/Page_AIAManager/select_PpyWorkPagepSolutionMap'  using regular expression (Root cause: com.kms.katalon.core.webui.exception.WebElementNotFoundException: Web element with id: 'Object Repository/GOLive_Objects/Search/Page_AIAManager/iframe_PegaGadget2Ifr' located by 'By.xpath: //*[@name = 'PegaGadget2Ifr'][count(. | //*[@id = 'PegaGadget2Ifr']) = count(//*[@id = 'PegaGadget2Ifr'])]' not found)
[[ATTACHMENT|C:\\Users\\raycp\\Desktop\\COE\\Reports\\Pooja\\Verify Technical details\\20171110_142314\\1510304085148.png]]]]></system-out>
         <system-err><![CDATA[2017-11-10 14:24:13 - [TEST_CASE][FAILED] - Test Cases/GOLIVE/Enter Technical Details: Test Cases/GOLIVE/Enter Technical Details FAILED because (of) Unable to select option by value 'Ind5' of object 'Object Repository/GOLive_Objects/Update Technical Details/Page_AIAManager/select_PpyWorkPagepSolutionMap'  using regular expression (Root cause: com.kms.katalon.core.webui.exception.WebElementNotFoundException: Web element with id: 'Object Repository/GOLive_Objects/Search/Page_AIAManager/iframe_PegaGadget2Ifr' located by 'By.xpath: //*[@name = 'PegaGadget2Ifr'][count(. | //*[@id = 'PegaGadget2Ifr']) = count(//*[@id = 'PegaGadget2Ifr'])]' not found)]]></system-err>
      </testcase>
      <system-out><![CDATA[2017-11-10 14:23:17 - [TEST_SUITE][FAILED] - Verify Technical details: Test Cases/GOLIVE/Enter Business Case FAILED because (of) Unable to double click on object 'Object Repository/GOLive_Objects/Search/Page_AIAManager/span_OGL-1608' (Root cause: com.kms.katalon.core.webui.exception.WebElementNotFoundException: Web element with id: 'Object Repository/GOLive_Objects/Search/Page_AIAManager/span_OGL-1608' located by 'By.xpath: /html/body/div[2]/form/div[3]/table/tbody/tr/td/div/div/div[2]/div/div/div/div/div/div[2]/div/div/div/div/div/table/tbody/tr/td/div/div/div[2]/table/tbody/tr/td[2]/div/table/tbody/tr[2]/td[1]/div/span' not found)]]></system-out>
      <system-err><![CDATA[2017-11-10 14:23:17 - [TEST_SUITE][FAILED] - Verify Technical details: Test Cases/GOLIVE/Enter Business Case FAILED because (of) Unable to double click on object 'Object Repository/GOLive_Objects/Search/Page_AIAManager/span_OGL-1608' (Root cause: com.kms.katalon.core.webui.exception.WebElementNotFoundException: Web element with id: 'Object Repository/GOLive_Objects/Search/Page_AIAManager/span_OGL-1608' located by 'By.xpath: /html/body/div[2]/form/div[3]/table/tbody/tr/td/div/div/div[2]/div/div/div/div/div/div[2]/div/div/div/div/div/table/tbody/tr/td/div/div/div[2]/table/tbody/tr/td[2]/div/table/tbody/tr[2]/td[1]/div/span' not found)]]></system-err>
   </testsuite>
</testsuites>
