<?xml version="1.0" encoding="UTF-8"?>
<testsuites name="Verify Technical details" time="179" tests="3" failures="1" errors="0">
   <testsuite name="Verify Technical details" tests="3" failures="1" errors="0" time="179" timestamp="2017-11-28 09:22:39" hostname="raycp - L23017WIN.rpega.com" id="Test Suites/Pooja/GoLive_Test Suite/Verify Technical details">
      <properties>
         <property name="deviceName" value=""/>
         <property name="devicePlatform" value=""/>
         <property name="logFolder" value="C:\\Users\\raycp\\Desktop\\COE\\Reports\\Pooja\\GoLive_Test Suite\\Verify Technical details\\20171128_092237"/>
         <property name="logFiles" value="C:\\Users\\raycp\\Desktop\\COE\\Reports\\Pooja\\GoLive_Test Suite\\Verify Technical details\\20171128_092237\\execution0.log"/>
         <property name="attachments" value="C:\\Users\\raycp\\Desktop\\COE\\Reports\\Pooja\\GoLive_Test Suite\\Verify Technical details\\20171128_092237\\1511841337515.png"/>
         <property name="hostName" value="raycp - L23017WIN.rpega.com"/>
         <property name="os" value="Windows 10 32bit"/>
         <property name="katalonVersion" value="4.8.0.2"/>
         <property name="browser" value="Chrome 62.0.3202.94"/>
         <property name="hostAddress" value="10.150.113.175"/>
         <property name="sessionId" value="baafd4c4d5c493fd266a0fb04e02ce24"/>
         <property name="seleniumVersion" value="2.53.0"/>
         <property name="proxyInformation" value="ProxyInformation{proxyOption=NO_PROXY, proxyServerType=HTTP, password=, proxyServerAddress=, proxyServerPort=0}"/>
         <property name="platform" value="Windows 10"/>
      </properties>
      <testcase name="Test Cases/GOLIVE/Enter Business Case" classname="Test Cases/GOLIVE/Enter Business Case" status="PASSED">
         <system-out><![CDATA[2017-11-28 09:22:39 - [TEST_CASE][PASSED] - Test Cases/GOLIVE/Enter Business Case: Test Cases/GOLIVE/Enter Business Case

2017-11-28 09:22:40 - [TEST_STEP][PASSED] - openBrowser: Browser is opened with url: ''

2017-11-28 09:22:43 - [MESSAGE][PASSED] - Browser is opened with url: ''

2017-11-28 09:22:43 - [TEST_STEP][PASSED] - navigateToUrl: Navigate to 'https://vciaqa.rpega.com:8333/ciaqa/PRServlet/dGKN-A6ThDliXf4sywRqw74EFIEOGY6R*/!STANDARD' successfully

2017-11-28 09:22:44 - [MESSAGE][PASSED] - Navigate to 'https://vciaqa.rpega.com:8333/ciaqa/PRServlet/dGKN-A6ThDliXf4sywRqw74EFIEOGY6R*/!STANDARD' successfully

2017-11-28 09:22:44 - [TEST_STEP][PASSED] - setText: Text 'hendj@pegasystems.com' is set on object 'Object Repository/GOLive_Objects/Search/Page_Pega 7/input_UserIdentifier'

2017-11-28 09:22:45 - [MESSAGE][PASSED] - Text 'hendj@pegasystems.com' is set on object 'Object Repository/GOLive_Objects/Search/Page_Pega 7/input_UserIdentifier'

2017-11-28 09:22:45 - [TEST_STEP][PASSED] - setText: Text 'install' is set on object 'Object Repository/GOLive_Objects/Search/Page_Pega 7/input_Password'

2017-11-28 09:22:45 - [MESSAGE][PASSED] - Text 'install' is set on object 'Object Repository/GOLive_Objects/Search/Page_Pega 7/input_Password'

2017-11-28 09:22:45 - [TEST_STEP][PASSED] - sendKeys: Keys '' sent to object: 'Object Repository/GOLive_Objects/Search/Page_Pega 7/input_Password'

2017-11-28 09:22:51 - [MESSAGE][PASSED] - Keys '' sent to object: 'Object Repository/GOLive_Objects/Search/Page_Pega 7/input_Password'

2017-11-28 09:22:51 - [TEST_STEP][PASSED] - maximizeWindow: Current window maximized

2017-11-28 09:22:52 - [MESSAGE][PASSED] - Current window maximized

2017-11-28 09:22:52 - [TEST_STEP][PASSED] - click: Object: 'Object Repository/GOLive_Objects/Search/Page_AIAManager/span_Advanced Search' is clicked on

2017-11-28 09:22:52 - [MESSAGE][PASSED] - Object: 'Object Repository/GOLive_Objects/Search/Page_AIAManager/span_Advanced Search' is clicked on

2017-11-28 09:22:52 - [TEST_STEP][PASSED] - click: Object: 'Object Repository/GOLive_Objects/Search/Page_AIAManager/label_Go Live' is clicked on

2017-11-28 09:22:53 - [MESSAGE][PASSED] - Object: 'Object Repository/GOLive_Objects/Search/Page_AIAManager/label_Go Live' is clicked on

2017-11-28 09:22:53 - [TEST_STEP][PASSED] - setText: Text 'OGL-1740' is set on object 'Object Repository/GOLive_Objects/Search/Page_AIAManager/input_PpyDisplayHarnesspSearch'

2017-11-28 09:22:55 - [MESSAGE][PASSED] - Text 'OGL-1740' is set on object 'Object Repository/GOLive_Objects/Search/Page_AIAManager/input_PpyDisplayHarnesspSearch'

2017-11-28 09:22:55 - [TEST_STEP][PASSED] - click: Object: 'Object Repository/GOLive_Objects/Search/Page_AIAManager/div_Search' is clicked on

2017-11-28 09:22:55 - [MESSAGE][PASSED] - Object: 'Object Repository/GOLive_Objects/Search/Page_AIAManager/div_Search' is clicked on

2017-11-28 09:22:55 - [TEST_STEP][PASSED] - doubleClick: Object: 'Object Repository/GOLive_Objects/Search/Page_AIAManager/span_OGL-1608' is double clicked on

2017-11-28 09:22:56 - [MESSAGE][PASSED] - Object: 'Object Repository/GOLive_Objects/Search/Page_AIAManager/span_OGL-1608' is double clicked on

2017-11-28 09:22:58 - [TEST_STEP][PASSED] - click: Object: 'Object Repository/GOLive_Objects/Search/Page_AIAManager/Enter Business Case' is clicked on

2017-11-28 09:22:59 - [MESSAGE][PASSED] - Object: 'Object Repository/GOLive_Objects/Search/Page_AIAManager/Enter Business Case' is clicked on

2017-11-28 09:23:00 - [TEST_STEP][PASSED] - scrollToElement: Scroll to object 'Object Repository/GOLive_Objects/Search/Page_AIAManager/div_Next' successfully

2017-11-28 09:23:00 - [MESSAGE][PASSED] - Scroll to object 'Object Repository/GOLive_Objects/Search/Page_AIAManager/div_Next' successfully

2017-11-28 09:23:00 - [TEST_STEP][PASSED] - click: Object: 'Object Repository/GOLive_Objects/Search/Page_AIAManager/div_Next' is clicked on

2017-11-28 09:23:00 - [MESSAGE][PASSED] - Object: 'Object Repository/GOLive_Objects/Search/Page_AIAManager/div_Next' is clicked on]]></system-out>
         <system-err><![CDATA[]]></system-err>
      </testcase>
      <testcase name="Test Cases/GOLIVE/Enter Technical Details" classname="Test Cases/GOLIVE/Enter Technical Details" status="PASSED">
         <system-out><![CDATA[2017-11-28 09:23:00 - [TEST_CASE][PASSED] - Test Cases/GOLIVE/Enter Technical Details: Test Cases/GOLIVE/Enter Technical Details

2017-11-28 09:23:01 - [TEST_STEP][PASSED] - selectOptionByValue: All options with value 'Ind5' are selected in object 'Object Repository/GOLive_Objects/Update Technical Details/Page_AIAManager/select_PpyWorkPagepSolutionMap'  using regular expression

2017-11-28 09:23:02 - [MESSAGE][PASSED] - All options with value 'Ind5' are selected in object 'Object Repository/GOLive_Objects/Update Technical Details/Page_AIAManager/select_PpyWorkPagepSolutionMap'  using regular expression

2017-11-28 09:23:02 - [TEST_STEP][PASSED] - delay: Delayed 2 second(s)

2017-11-28 09:23:04 - [MESSAGE][PASSED] - Delayed 2 second(s)

2017-11-28 09:23:04 - [TEST_STEP][PASSED] - selectOptionByValue: All options with value 'IndSeg25' are selected in object 'Object Repository/GOLive_Objects/Update Technical Details/Page_AIAManager/select_PpyWorkPagepSolutionMap (1)'  using regular expression

2017-11-28 09:23:05 - [MESSAGE][PASSED] - All options with value 'IndSeg25' are selected in object 'Object Repository/GOLive_Objects/Update Technical Details/Page_AIAManager/select_PpyWorkPagepSolutionMap (1)'  using regular expression

2017-11-28 09:23:05 - [TEST_STEP][PASSED] - delay: Delayed 2 second(s)

2017-11-28 09:23:07 - [MESSAGE][PASSED] - Delayed 2 second(s)

2017-11-28 09:23:07 - [TEST_STEP][PASSED] - selectOptionByValue: All options with value 'IndSol439' are selected in object 'Object Repository/GOLive_Objects/Update Technical Details/Page_AIAManager/select_PpyWorkPagepSolutionMap (2)'  using regular expression

2017-11-28 09:23:07 - [MESSAGE][PASSED] - All options with value 'IndSol439' are selected in object 'Object Repository/GOLive_Objects/Update Technical Details/Page_AIAManager/select_PpyWorkPagepSolutionMap (2)'  using regular expression

2017-11-28 09:23:07 - [TEST_STEP][PASSED] - delay: Delayed 2 second(s)

2017-11-28 09:23:09 - [MESSAGE][PASSED] - Delayed 2 second(s)

2017-11-28 09:23:09 - [TEST_STEP][PASSED] - selectOptionByValue: All options with value 'Industry Specific' are selected in object 'Object Repository/GOLive_Objects/Update Technical Details/Page_AIAManager/select_PpyWorkPagepImplementat'  using regular expression

2017-11-28 09:23:09 - [MESSAGE][PASSED] - All options with value 'Industry Specific' are selected in object 'Object Repository/GOLive_Objects/Update Technical Details/Page_AIAManager/select_PpyWorkPagepImplementat'  using regular expression

2017-11-28 09:23:09 - [TEST_STEP][PASSED] - delay: Delayed 3 second(s)

2017-11-28 09:23:12 - [MESSAGE][PASSED] - Delayed 3 second(s)

2017-11-28 09:23:12 - [TEST_STEP][PASSED] - selectOptionByValue: All options with value 'FS - Cards' are selected in object 'Object Repository/GOLive_Objects/Update Technical Details/Page_AIAManager/SolutionMap1'  using regular expression

2017-11-28 09:23:13 - [MESSAGE][PASSED] - All options with value 'FS - Cards' are selected in object 'Object Repository/GOLive_Objects/Update Technical Details/Page_AIAManager/SolutionMap1'  using regular expression

2017-11-28 09:23:13 - [TEST_STEP][PASSED] - delay: Delayed 2 second(s)

2017-11-28 09:23:15 - [MESSAGE][PASSED] - Delayed 2 second(s)

2017-11-28 09:23:15 - [TEST_STEP][PASSED] - selectOptionByValue: All options with value 'less than 500' are selected in object 'Object Repository/GOLive_Objects/Update Technical Details/Page_AIAManager/select_PpyWorkPagepImplementat (1)'  using regular expression

2017-11-28 09:23:15 - [MESSAGE][PASSED] - All options with value 'less than 500' are selected in object 'Object Repository/GOLive_Objects/Update Technical Details/Page_AIAManager/select_PpyWorkPagepImplementat (1)'  using regular expression

2017-11-28 09:23:15 - [TEST_STEP][PASSED] - delay: Delayed 2 second(s)

2017-11-28 09:23:17 - [MESSAGE][PASSED] - Delayed 2 second(s)

2017-11-28 09:23:17 - [TEST_STEP][PASSED] - selectOptionByValue: All options with value 'N/A' are selected in object 'Object Repository/GOLive_Objects/Update Technical Details/Page_AIAManager/select_PpyWorkPagepChannelsl1p'  using regular expression

2017-11-28 09:23:18 - [MESSAGE][PASSED] - All options with value 'N/A' are selected in object 'Object Repository/GOLive_Objects/Update Technical Details/Page_AIAManager/select_PpyWorkPagepChannelsl1p'  using regular expression

2017-11-28 09:23:18 - [TEST_STEP][PASSED] - delay: Delayed 2 second(s)

2017-11-28 09:23:20 - [MESSAGE][PASSED] - Delayed 2 second(s)

2017-11-28 09:23:20 - [TEST_STEP][PASSED] - setText: Text 'test' is set on object 'Object Repository/GOLive_Objects/Update Technical Details/Page_AIAManager/input_PpyWorkPagepCustomerCont'

2017-11-28 09:23:20 - [MESSAGE][PASSED] - Text 'test' is set on object 'Object Repository/GOLive_Objects/Update Technical Details/Page_AIAManager/input_PpyWorkPagepCustomerCont'

2017-11-28 09:23:20 - [TEST_STEP][PASSED] - delay: Delayed 1 second(s)

2017-11-28 09:23:21 - [MESSAGE][PASSED] - Delayed 1 second(s)

2017-11-28 09:23:21 - [TEST_STEP][PASSED] - setText: Text 'test' is set on object 'Object Repository/GOLive_Objects/Update Technical Details/Page_AIAManager/input_PpyWorkPagepCustomerCont (1)'

2017-11-28 09:23:21 - [MESSAGE][PASSED] - Text 'test' is set on object 'Object Repository/GOLive_Objects/Update Technical Details/Page_AIAManager/input_PpyWorkPagepCustomerCont (1)'

2017-11-28 09:23:21 - [TEST_STEP][PASSED] - delay: Delayed 1 second(s)

2017-11-28 09:23:22 - [MESSAGE][PASSED] - Delayed 1 second(s)

2017-11-28 09:23:22 - [TEST_STEP][PASSED] - setText: Text 'test@gmail.com' is set on object 'Object Repository/GOLive_Objects/Update Technical Details/Page_AIAManager/input_PpyWorkPagepCustomerCont (2)'

2017-11-28 09:23:23 - [MESSAGE][PASSED] - Text 'test@gmail.com' is set on object 'Object Repository/GOLive_Objects/Update Technical Details/Page_AIAManager/input_PpyWorkPagepCustomerCont (2)'

2017-11-28 09:23:23 - [TEST_STEP][PASSED] - delay: Delayed 2 second(s)

2017-11-28 09:23:25 - [MESSAGE][PASSED] - Delayed 2 second(s)

2017-11-28 09:23:25 - [TEST_STEP][PASSED] - scrollToElement: Scroll to object 'Object Repository/GOLive_Objects/Update Technical Details/Page_AIAManager/select_PpyWorkPagepAppServerNa' successfully

2017-11-28 09:23:25 - [MESSAGE][PASSED] - Scroll to object 'Object Repository/GOLive_Objects/Update Technical Details/Page_AIAManager/select_PpyWorkPagepAppServerNa' successfully

2017-11-28 09:23:25 - [TEST_STEP][PASSED] - selectOptionByValue: All options with value 'Apache Server' are selected in object 'Object Repository/GOLive_Objects/Update Technical Details/Page_AIAManager/select_PpyWorkPagepAppServerNa'  using regular expression

2017-11-28 09:23:25 - [MESSAGE][PASSED] - All options with value 'Apache Server' are selected in object 'Object Repository/GOLive_Objects/Update Technical Details/Page_AIAManager/select_PpyWorkPagepAppServerNa'  using regular expression

2017-11-28 09:23:25 - [TEST_STEP][PASSED] - delay: Delayed 2 second(s)

2017-11-28 09:23:27 - [MESSAGE][PASSED] - Delayed 2 second(s)

2017-11-28 09:23:27 - [TEST_STEP][PASSED] - selectOptionByValue: All options with value 'Mainframe' are selected in object 'Object Repository/GOLive_Objects/Update Technical Details/Page_AIAManager/select_PpyWorkPagepAppServerOS'  using regular expression

2017-11-28 09:23:28 - [MESSAGE][PASSED] - All options with value 'Mainframe' are selected in object 'Object Repository/GOLive_Objects/Update Technical Details/Page_AIAManager/select_PpyWorkPagepAppServerOS'  using regular expression

2017-11-28 09:23:28 - [TEST_STEP][PASSED] - delay: Delayed 2 second(s)

2017-11-28 09:23:30 - [MESSAGE][PASSED] - Delayed 2 second(s)

2017-11-28 09:23:30 - [TEST_STEP][PASSED] - selectOptionByValue: All options with value 'RMS' are selected in object 'Object Repository/GOLive_Objects/Update Technical Details/Page_AIAManager/select_PpyWorkPagepDBServerNam'  using regular expression

2017-11-28 09:23:30 - [MESSAGE][PASSED] - All options with value 'RMS' are selected in object 'Object Repository/GOLive_Objects/Update Technical Details/Page_AIAManager/select_PpyWorkPagepDBServerNam'  using regular expression

2017-11-28 09:23:30 - [TEST_STEP][PASSED] - delay: Delayed 2 second(s)

2017-11-28 09:23:32 - [MESSAGE][PASSED] - Delayed 2 second(s)

2017-11-28 09:23:32 - [TEST_STEP][PASSED] - click: Object: 'Object Repository/GOLive_Objects/Update Technical Details/Page_AIAManager/select_PpyWorkPagepProductsl1p' is clicked on

2017-11-28 09:23:32 - [MESSAGE][PASSED] - Object: 'Object Repository/GOLive_Objects/Update Technical Details/Page_AIAManager/select_PpyWorkPagepProductsl1p' is clicked on

2017-11-28 09:23:32 - [TEST_STEP][PASSED] - click: Object: 'Object Repository/GOLive_Objects/Update Technical Details/Page_AIAManager/Product_Name' is clicked on

2017-11-28 09:23:33 - [MESSAGE][PASSED] - Object: 'Object Repository/GOLive_Objects/Update Technical Details/Page_AIAManager/Product_Name' is clicked on

2017-11-28 09:23:33 - [TEST_STEP][PASSED] - delay: Delayed 5 second(s)

2017-11-28 09:23:38 - [MESSAGE][PASSED] - Delayed 5 second(s)

2017-11-28 09:23:38 - [TEST_STEP][PASSED] - selectOptionByValue: All options with value 'RLS-3596' are selected in object 'Object Repository/GOLive_Objects/Update Technical Details/Page_AIAManager/select_PpyWorkPagepProductsl1p (1)'  using regular expression

2017-11-28 09:23:38 - [MESSAGE][PASSED] - All options with value 'RLS-3596' are selected in object 'Object Repository/GOLive_Objects/Update Technical Details/Page_AIAManager/select_PpyWorkPagepProductsl1p (1)'  using regular expression

2017-11-28 09:23:38 - [TEST_STEP][PASSED] - scrollToElement: Scroll to object 'Object Repository/GOLive_Objects/Search/Page_AIAManager/div_Next' successfully

2017-11-28 09:23:38 - [MESSAGE][PASSED] - Scroll to object 'Object Repository/GOLive_Objects/Search/Page_AIAManager/div_Next' successfully

2017-11-28 09:23:38 - [TEST_STEP][PASSED] - click: Object: 'Object Repository/GOLive_Objects/Search/Page_AIAManager/div_Next' is clicked on

2017-11-28 09:23:38 - [MESSAGE][PASSED] - Object: 'Object Repository/GOLive_Objects/Search/Page_AIAManager/div_Next' is clicked on

2017-11-28 09:23:38 - [TEST_STEP][PASSED] - delay: Delayed 5 second(s)

2017-11-28 09:23:43 - [MESSAGE][PASSED] - Delayed 5 second(s)]]></system-out>
         <system-err><![CDATA[]]></system-err>
      </testcase>
      <testcase name="Test Cases/GOLIVE/Preview Email" classname="Test Cases/GOLIVE/Preview Email" status="PASSED">
         <system-out><![CDATA[2017-11-28 09:23:43 - [TEST_CASE][PASSED] - Test Cases/GOLIVE/Preview Email: Test Cases/GOLIVE/Preview Email

2017-11-28 09:23:44 - [TEST_STEP][PASSED] - click: Object: 'Object Repository/GOLive_Objects/PreviewEmail/Page_AIAManager/div_Preview Pdf' is clicked on

2017-11-28 09:23:44 - [MESSAGE][PASSED] - Object: 'Object Repository/GOLive_Objects/PreviewEmail/Page_AIAManager/div_Preview Pdf' is clicked on

2017-11-28 09:23:44 - [TEST_STEP][PASSED] - delay: Delayed 5 second(s)

2017-11-28 09:23:49 - [MESSAGE][PASSED] - Delayed 5 second(s)

2017-11-28 09:23:49 - [TEST_STEP][PASSED] - click: Object: 'Object Repository/GOLive_Objects/PreviewEmail/Page_AIAManager/div_Preview Email' is clicked on

2017-11-28 09:23:49 - [MESSAGE][PASSED] - Object: 'Object Repository/GOLive_Objects/PreviewEmail/Page_AIAManager/div_Preview Email' is clicked on

2017-11-28 09:23:49 - [TEST_STEP][PASSED] - delay: Delayed 5 second(s)

2017-11-28 09:23:54 - [MESSAGE][PASSED] - Delayed 5 second(s)

2017-11-28 09:23:54 - [TEST_STEP][PASSED] - scrollToElement: Scroll to object 'Object Repository/GOLive_Objects/PreviewEmail/Page_AIAManager/Submit' successfully

2017-11-28 09:23:54 - [MESSAGE][PASSED] - Scroll to object 'Object Repository/GOLive_Objects/PreviewEmail/Page_AIAManager/Submit' successfully

2017-11-28 09:23:54 - [TEST_STEP][PASSED] - click: Object: 'Object Repository/GOLive_Objects/PreviewEmail/Page_AIAManager/Submit' is clicked on

2017-11-28 09:23:55 - [MESSAGE][PASSED] - Object: 'Object Repository/GOLive_Objects/PreviewEmail/Page_AIAManager/Submit' is clicked on

2017-11-28 09:23:55 - [TEST_STEP][PASSED] - delay: Delayed 5 second(s)

2017-11-28 09:24:00 - [MESSAGE][PASSED] - Delayed 5 second(s)]]></system-out>
         <system-err><![CDATA[]]></system-err>
      </testcase>
      <testcase name="Test Cases/GOLIVE/PRApproval" classname="Test Cases/GOLIVE/PRApproval" status="FAILED">
         <failure type="FAILED" message="Unable to click on object 'Object Repository/GOLive_Objects/PRApprove/Page_AIAManager/PRApprove' (Root cause: com.kms.katalon.core.webui.exception.WebElementNotFoundException: Web element with id: 'Object Repository/GOLive_Objects/PRApprove/Page_AIAManager/PRApprove' located by 'By.xpath: //button[contains(.,'Submit For Approval')]' not found)"/>
         <system-out><![CDATA[2017-11-28 09:24:00 - [TEST_CASE][FAILED] - Test Cases/GOLIVE/PRApproval: Test Cases/GOLIVE/PRApproval FAILED because (of) Unable to click on object 'Object Repository/GOLive_Objects/PRApprove/Page_AIAManager/PRApprove' (Root cause: com.kms.katalon.core.webui.exception.WebElementNotFoundException: Web element with id: 'Object Repository/GOLive_Objects/PRApprove/Page_AIAManager/PRApprove' located by 'By.xpath: //button[contains(.,'Submit For Approval')]' not found)

2017-11-28 09:24:00 - [TEST_STEP][PASSED] - openBrowser: Browser is opened with url: ''

2017-11-28 09:24:00 - [MESSAGE][WARNING] - A browser is already opened. Closing browser and opening a new one

2017-11-28 09:24:03 - [MESSAGE][PASSED] - Browser is opened with url: ''

2017-11-28 09:24:03 - [TEST_STEP][PASSED] - navigateToUrl: Navigate to 'https://vciaqa.rpega.com:8333/ciaqa/PRServlet/dGKN-A6ThDliXf4sywRqw74EFIEOGY6R*/!STANDARD' successfully

2017-11-28 09:24:05 - [MESSAGE][PASSED] - Navigate to 'https://vciaqa.rpega.com:8333/ciaqa/PRServlet/dGKN-A6ThDliXf4sywRqw74EFIEOGY6R*/!STANDARD' successfully

2017-11-28 09:24:05 - [TEST_STEP][PASSED] - setText: Text 'fergc@pegasystems.com' is set on object 'Object Repository/GOLive_Objects/PRApprove/Page_Pega 7/input_UserIdentifier'

2017-11-28 09:24:05 - [MESSAGE][PASSED] - Text 'fergc@pegasystems.com' is set on object 'Object Repository/GOLive_Objects/PRApprove/Page_Pega 7/input_UserIdentifier'

2017-11-28 09:24:05 - [TEST_STEP][PASSED] - setText: Text 'install' is set on object 'Object Repository/GOLive_Objects/PRApprove/Page_Pega 7/input_Password'

2017-11-28 09:24:06 - [MESSAGE][PASSED] - Text 'install' is set on object 'Object Repository/GOLive_Objects/PRApprove/Page_Pega 7/input_Password'

2017-11-28 09:24:06 - [TEST_STEP][PASSED] - sendKeys: Keys '' sent to object: 'Object Repository/GOLive_Objects/PRApprove/Page_Pega 7/input_Password'

2017-11-28 09:24:11 - [MESSAGE][PASSED] - Keys '' sent to object: 'Object Repository/GOLive_Objects/PRApprove/Page_Pega 7/input_Password'

2017-11-28 09:24:11 - [TEST_STEP][PASSED] - maximizeWindow: Current window maximized

2017-11-28 09:24:13 - [MESSAGE][PASSED] - Current window maximized

2017-11-28 09:24:13 - [TEST_STEP][PASSED] - click: Object: 'Object Repository/GOLive_Objects/Search/Page_AIAManager/span_Advanced Search' is clicked on

2017-11-28 09:24:13 - [MESSAGE][PASSED] - Object: 'Object Repository/GOLive_Objects/Search/Page_AIAManager/span_Advanced Search' is clicked on

2017-11-28 09:24:13 - [TEST_STEP][PASSED] - click: Object: 'Object Repository/GOLive_Objects/Search/Page_AIAManager/label_Go Live' is clicked on

2017-11-28 09:24:14 - [MESSAGE][PASSED] - Object: 'Object Repository/GOLive_Objects/Search/Page_AIAManager/label_Go Live' is clicked on

2017-11-28 09:24:14 - [TEST_STEP][PASSED] - setText: Text 'OGL-1740' is set on object 'Object Repository/GOLive_Objects/Search/Page_AIAManager/input_PpyDisplayHarnesspSearch'

2017-11-28 09:24:16 - [MESSAGE][PASSED] - Text 'OGL-1740' is set on object 'Object Repository/GOLive_Objects/Search/Page_AIAManager/input_PpyDisplayHarnesspSearch'

2017-11-28 09:24:16 - [TEST_STEP][PASSED] - click: Object: 'Object Repository/GOLive_Objects/Search/Page_AIAManager/div_Search' is clicked on

2017-11-28 09:24:16 - [MESSAGE][PASSED] - Object: 'Object Repository/GOLive_Objects/Search/Page_AIAManager/div_Search' is clicked on

2017-11-28 09:24:16 - [TEST_STEP][PASSED] - doubleClick: Object: 'Object Repository/GOLive_Objects/PRApprove/Page_AIAManager/span_OGL-1722' is double clicked on

2017-11-28 09:24:18 - [MESSAGE][PASSED] - Object: 'Object Repository/GOLive_Objects/PRApprove/Page_AIAManager/span_OGL-1722' is double clicked on

2017-11-28 09:24:19 - [TEST_STEP][PASSED] - click: Object: 'Object Repository/GOLive_Objects/PRApprove/Page_AIAManager/a_ApproveStory' is clicked on

2017-11-28 09:24:21 - [MESSAGE][PASSED] - Object: 'Object Repository/GOLive_Objects/PRApprove/Page_AIAManager/a_ApproveStory' is clicked on

2017-11-28 09:24:21 - [TEST_STEP][PASSED] - click: Object: 'Object Repository/GOLive_Objects/PRApprove/Page_AIAManager/ReviewButton' is clicked on

2017-11-28 09:24:21 - [MESSAGE][PASSED] - Object: 'Object Repository/GOLive_Objects/PRApprove/Page_AIAManager/ReviewButton' is clicked on

2017-11-28 09:24:21 - [TEST_STEP][PASSED] - delay: Delayed 2 second(s)

2017-11-28 09:24:23 - [MESSAGE][PASSED] - Delayed 2 second(s)

2017-11-28 09:24:23 - [TEST_STEP][PASSED] - click: Object: 'Object Repository/GOLive_Objects/PRApprove/Page_AIAManager/input_PpyWorkPagepIsCloudImpl' is clicked on

2017-11-28 09:24:24 - [MESSAGE][PASSED] - Object: 'Object Repository/GOLive_Objects/PRApprove/Page_AIAManager/input_PpyWorkPagepIsCloudImpl' is clicked on

2017-11-28 09:24:24 - [TEST_STEP][PASSED] - delay: Delayed 2 second(s)

2017-11-28 09:24:26 - [MESSAGE][PASSED] - Delayed 2 second(s)

2017-11-28 09:24:26 - [TEST_STEP][PASSED] - click: Object: 'Object Repository/GOLive_Objects/PRApprove/Page_AIAManager/input_PpyWorkPagepCloudUse' is clicked on

2017-11-28 09:24:26 - [MESSAGE][PASSED] - Object: 'Object Repository/GOLive_Objects/PRApprove/Page_AIAManager/input_PpyWorkPagepCloudUse' is clicked on

2017-11-28 09:24:26 - [TEST_STEP][PASSED] - delay: Delayed 2 second(s)

2017-11-28 09:24:28 - [MESSAGE][PASSED] - Delayed 2 second(s)

2017-11-28 09:24:28 - [TEST_STEP][PASSED] - click: Object: 'Object Repository/GOLive_Objects/PRApprove/Page_AIAManager/input_PpyWorkPagepTypeOfCloud' is clicked on

2017-11-28 09:24:28 - [MESSAGE][PASSED] - Object: 'Object Repository/GOLive_Objects/PRApprove/Page_AIAManager/input_PpyWorkPagepTypeOfCloud' is clicked on

2017-11-28 09:24:28 - [TEST_STEP][PASSED] - delay: Delayed 2 second(s)

2017-11-28 09:24:30 - [MESSAGE][PASSED] - Delayed 2 second(s)

2017-11-28 09:24:30 - [TEST_STEP][PASSED] - setText: Text 'Partner Cloud' is set on object 'Object Repository/GOLive_Objects/PRApprove/Page_AIAManager/input_PpyWorkPagepNameOfCloudP'

2017-11-28 09:24:31 - [MESSAGE][PASSED] - Text 'Partner Cloud' is set on object 'Object Repository/GOLive_Objects/PRApprove/Page_AIAManager/input_PpyWorkPagepNameOfCloudP'

2017-11-28 09:24:31 - [TEST_STEP][PASSED] - scrollToElement: Scroll to object 'Object Repository/GOLive_Objects/Search/Page_AIAManager/div_Next' successfully

2017-11-28 09:24:31 - [MESSAGE][PASSED] - Scroll to object 'Object Repository/GOLive_Objects/Search/Page_AIAManager/div_Next' successfully

2017-11-28 09:24:31 - [TEST_STEP][PASSED] - click: Object: 'Object Repository/GOLive_Objects/Search/Page_AIAManager/div_Next' is clicked on

2017-11-28 09:24:31 - [MESSAGE][PASSED] - Object: 'Object Repository/GOLive_Objects/Search/Page_AIAManager/div_Next' is clicked on

2017-11-28 09:24:31 - [TEST_STEP][PASSED] - delay: Delayed 5 second(s)

2017-11-28 09:24:36 - [MESSAGE][PASSED] - Delayed 5 second(s)

2017-11-28 09:24:36 - [TEST_STEP][PASSED] - scrollToElement: Scroll to object 'Object Repository/GOLive_Objects/Search/Page_AIAManager/div_Next' successfully

2017-11-28 09:24:36 - [MESSAGE][PASSED] - Scroll to object 'Object Repository/GOLive_Objects/Search/Page_AIAManager/div_Next' successfully

2017-11-28 09:24:36 - [TEST_STEP][PASSED] - click: Object: 'Object Repository/GOLive_Objects/Search/Page_AIAManager/div_Next' is clicked on

2017-11-28 09:24:36 - [MESSAGE][PASSED] - Object: 'Object Repository/GOLive_Objects/Search/Page_AIAManager/div_Next' is clicked on

2017-11-28 09:24:37 - [TEST_STEP][PASSED] - click: Object: 'Object Repository/GOLive_Objects/PRApprove/Page_AIAManager/AddIcon' is clicked on

2017-11-28 09:24:38 - [MESSAGE][PASSED] - Object: 'Object Repository/GOLive_Objects/PRApprove/Page_AIAManager/AddIcon' is clicked on

2017-11-28 09:24:38 - [TEST_STEP][PASSED] - selectOptionByValue: All options with value 'Ind7' are selected in object 'Object Repository/GOLive_Objects/Update Technical Details/Page_AIAManager/select_PpyWorkPagepSolutionMap (4)'  using regular expression

2017-11-28 09:24:39 - [MESSAGE][PASSED] - All options with value 'Ind7' are selected in object 'Object Repository/GOLive_Objects/Update Technical Details/Page_AIAManager/select_PpyWorkPagepSolutionMap (4)'  using regular expression

2017-11-28 09:24:39 - [TEST_STEP][PASSED] - delay: Delayed 2 second(s)

2017-11-28 09:24:41 - [MESSAGE][PASSED] - Delayed 2 second(s)

2017-11-28 09:24:41 - [TEST_STEP][PASSED] - selectOptionByValue: All options with value 'IndSeg23' are selected in object 'Object Repository/GOLive_Objects/Update Technical Details/Page_AIAManager/select_PpyWorkPagepSolutionMap (5)'  using regular expression

2017-11-28 09:24:41 - [MESSAGE][PASSED] - All options with value 'IndSeg23' are selected in object 'Object Repository/GOLive_Objects/Update Technical Details/Page_AIAManager/select_PpyWorkPagepSolutionMap (5)'  using regular expression

2017-11-28 09:24:42 - [TEST_STEP][PASSED] - delay: Delayed 2 second(s)

2017-11-28 09:24:44 - [MESSAGE][PASSED] - Delayed 2 second(s)

2017-11-28 09:24:44 - [TEST_STEP][PASSED] - selectOptionByValue: All options with value 'N/A' are selected in object 'Object Repository/GOLive_Objects/Update Technical Details/Page_AIAManager/Application_Area(2)'  using regular expression

2017-11-28 09:24:44 - [MESSAGE][PASSED] - All options with value 'N/A' are selected in object 'Object Repository/GOLive_Objects/Update Technical Details/Page_AIAManager/Application_Area(2)'  using regular expression

2017-11-28 09:24:44 - [TEST_STEP][PASSED] - scrollToElement: Scroll to object 'Object Repository/GOLive_Objects/Search/Page_AIAManager/div_Next' successfully

2017-11-28 09:24:44 - [MESSAGE][PASSED] - Scroll to object 'Object Repository/GOLive_Objects/Search/Page_AIAManager/div_Next' successfully

2017-11-28 09:24:44 - [TEST_STEP][PASSED] - click: Object: 'Object Repository/GOLive_Objects/Search/Page_AIAManager/div_Next' is clicked on

2017-11-28 09:24:44 - [MESSAGE][PASSED] - Object: 'Object Repository/GOLive_Objects/Search/Page_AIAManager/div_Next' is clicked on

2017-11-28 09:24:44 - [TEST_STEP][PASSED] - delay: Delayed 5 second(s)

2017-11-28 09:24:49 - [MESSAGE][PASSED] - Delayed 5 second(s)

2017-11-28 09:24:49 - [TEST_STEP][PASSED] - callTestCase: Call Test Case 'Test Cases/GOLIVE/Preview Email' successfully

2017-11-28 09:24:49 - [TEST_CASE][PASSED] - Test Cases/GOLIVE/Preview Email: Test Cases/GOLIVE/Preview Email

2017-11-28 09:24:49 - [TEST_STEP][PASSED] - click: Object: 'Object Repository/GOLive_Objects/PreviewEmail/Page_AIAManager/div_Preview Pdf' is clicked on

2017-11-28 09:24:49 - [MESSAGE][PASSED] - Object: 'Object Repository/GOLive_Objects/PreviewEmail/Page_AIAManager/div_Preview Pdf' is clicked on

2017-11-28 09:24:50 - [TEST_STEP][PASSED] - delay: Delayed 5 second(s)

2017-11-28 09:24:55 - [MESSAGE][PASSED] - Delayed 5 second(s)

2017-11-28 09:24:55 - [TEST_STEP][PASSED] - click: Object: 'Object Repository/GOLive_Objects/PreviewEmail/Page_AIAManager/div_Preview Email' is clicked on

2017-11-28 09:24:55 - [MESSAGE][PASSED] - Object: 'Object Repository/GOLive_Objects/PreviewEmail/Page_AIAManager/div_Preview Email' is clicked on

2017-11-28 09:24:55 - [TEST_STEP][PASSED] - delay: Delayed 5 second(s)

2017-11-28 09:25:00 - [MESSAGE][PASSED] - Delayed 5 second(s)

2017-11-28 09:25:00 - [TEST_STEP][PASSED] - scrollToElement: Scroll to object 'Object Repository/GOLive_Objects/PreviewEmail/Page_AIAManager/Submit' successfully

2017-11-28 09:25:00 - [MESSAGE][PASSED] - Scroll to object 'Object Repository/GOLive_Objects/PreviewEmail/Page_AIAManager/Submit' successfully

2017-11-28 09:25:00 - [TEST_STEP][PASSED] - click: Object: 'Object Repository/GOLive_Objects/PreviewEmail/Page_AIAManager/Submit' is clicked on

2017-11-28 09:25:00 - [MESSAGE][PASSED] - Object: 'Object Repository/GOLive_Objects/PreviewEmail/Page_AIAManager/Submit' is clicked on

2017-11-28 09:25:00 - [TEST_STEP][PASSED] - delay: Delayed 5 second(s)

2017-11-28 09:25:05 - [MESSAGE][PASSED] - Delayed 5 second(s)

2017-11-28 09:25:05 - [MESSAGE][PASSED] - Call Test Case 'Test Cases/GOLIVE/Preview Email' successfully

2017-11-28 09:25:05 - [TEST_STEP][FAILED] - click: Unable to click on object 'Object Repository/GOLive_Objects/PRApprove/Page_AIAManager/PRApprove' (Root cause: com.kms.katalon.core.webui.exception.WebElementNotFoundException: Web element with id: 'Object Repository/GOLive_Objects/PRApprove/Page_AIAManager/PRApprove' located by 'By.xpath: //button[contains(.,'Submit For Approval')]' not found)

2017-11-28 09:25:37 - [MESSAGE][FAILED] - Unable to click on object 'Object Repository/GOLive_Objects/PRApprove/Page_AIAManager/PRApprove' (Root cause: com.kms.katalon.core.webui.exception.WebElementNotFoundException: Web element with id: 'Object Repository/GOLive_Objects/PRApprove/Page_AIAManager/PRApprove' located by 'By.xpath: //button[contains(.,'Submit For Approval')]' not found)
[[ATTACHMENT|C:\\Users\\raycp\\Desktop\\COE\\Reports\\Pooja\\GoLive_Test Suite\\Verify Technical details\\20171128_092237\\1511841337515.png]]]]></system-out>
         <system-err><![CDATA[2017-11-28 09:24:00 - [TEST_CASE][FAILED] - Test Cases/GOLIVE/PRApproval: Test Cases/GOLIVE/PRApproval FAILED because (of) Unable to click on object 'Object Repository/GOLive_Objects/PRApprove/Page_AIAManager/PRApprove' (Root cause: com.kms.katalon.core.webui.exception.WebElementNotFoundException: Web element with id: 'Object Repository/GOLive_Objects/PRApprove/Page_AIAManager/PRApprove' located by 'By.xpath: //button[contains(.,'Submit For Approval')]' not found)]]></system-err>
      </testcase>
      <system-out><![CDATA[2017-11-28 09:22:39 - [TEST_SUITE][FAILED] - Verify Technical details: Test Cases/GOLIVE/PRApproval FAILED because (of) Unable to click on object 'Object Repository/GOLive_Objects/PRApprove/Page_AIAManager/PRApprove' (Root cause: com.kms.katalon.core.webui.exception.WebElementNotFoundException: Web element with id: 'Object Repository/GOLive_Objects/PRApprove/Page_AIAManager/PRApprove' located by 'By.xpath: //button[contains(.,'Submit For Approval')]' not found)]]></system-out>
      <system-err><![CDATA[2017-11-28 09:22:39 - [TEST_SUITE][FAILED] - Verify Technical details: Test Cases/GOLIVE/PRApproval FAILED because (of) Unable to click on object 'Object Repository/GOLive_Objects/PRApprove/Page_AIAManager/PRApprove' (Root cause: com.kms.katalon.core.webui.exception.WebElementNotFoundException: Web element with id: 'Object Repository/GOLive_Objects/PRApprove/Page_AIAManager/PRApprove' located by 'By.xpath: //button[contains(.,'Submit For Approval')]' not found)]]></system-err>
   </testsuite>
</testsuites>
