<?xml version="1.0" encoding="UTF-8"?>
<testsuites name="User Story" time="142" tests="0" failures="3" errors="0">
   <testsuite name="User Story" tests="0" failures="3" errors="0" time="142" timestamp="2017-11-07 07:36:07" hostname="raycp - L23017WIN.rpega.com" id="Test Suites/Pooja/User Story">
      <properties>
         <property name="deviceName" value=""/>
         <property name="devicePlatform" value=""/>
         <property name="logFolder" value="C:\\Users\\raycp\\Desktop\\COE\\Reports\\Pooja\\User Story\\20171107_073605"/>
         <property name="logFiles" value="C:\\Users\\raycp\\Desktop\\COE\\Reports\\Pooja\\User Story\\20171107_073605\\execution0.log"/>
         <property name="attachments" value="C:\\Users\\raycp\\Desktop\\COE\\Reports\\Pooja\\User Story\\20171107_073605\\1510020430783.png, C:\\Users\\raycp\\Desktop\\COE\\Reports\\Pooja\\User Story\\20171107_073605\\1510020474708.png, C:\\Users\\raycp\\Desktop\\COE\\Reports\\Pooja\\User Story\\20171107_073605\\1510020506578.png"/>
         <property name="hostName" value="raycp - L23017WIN.rpega.com"/>
         <property name="os" value="Windows 10 32bit"/>
         <property name="katalonVersion" value="4.8.0.2"/>
         <property name="browser" value="Chrome 61.0.3163.100"/>
         <property name="hostAddress" value="10.150.113.10"/>
         <property name="sessionId" value="132af8f808b18051db7210768925a989"/>
         <property name="seleniumVersion" value="2.53.0"/>
         <property name="proxyInformation" value="ProxyInformation{proxyOption=NO_PROXY, proxyServerType=HTTP, password=, proxyServerAddress=, proxyServerPort=0}"/>
         <property name="platform" value="Windows 10"/>
      </properties>
      <testcase name="Test Cases/Sprint-9/US-193833" classname="Test Cases/Sprint-9/US-193833" status="FAILED">
         <failure type="FAILED" message="Unable to double click on object 'Object Repository/Methods_Pooja/Page_The Consulting Portal (TCP) (1)/div_ECR-03Nov2017-1 (2)' (Root cause: com.kms.katalon.core.webui.exception.WebElementNotFoundException: Web element with id: 'Object Repository/Methods_Pooja/Page_The Consulting Portal (TCP) (1)/div_ECR-03Nov2017-1 (2)' located by 'By.xpath: //div[count(. | //*[contains(.,'ECR-03Nov2017-1')]) = count(//*[contains(.,'ECR-03Nov2017-1')])]' not found)"/>
         <system-out><![CDATA[2017-11-07 07:36:08 - [TEST_CASE][FAILED] - Test Cases/Sprint-9/US-193833: Test Cases/Sprint-9/US-193833 FAILED because (of) Unable to double click on object 'Object Repository/Methods_Pooja/Page_The Consulting Portal (TCP) (1)/div_ECR-03Nov2017-1 (2)' (Root cause: com.kms.katalon.core.webui.exception.WebElementNotFoundException: Web element with id: 'Object Repository/Methods_Pooja/Page_The Consulting Portal (TCP) (1)/div_ECR-03Nov2017-1 (2)' located by 'By.xpath: //div[count(. | //*[contains(.,'ECR-03Nov2017-1')]) = count(//*[contains(.,'ECR-03Nov2017-1')])]' not found)

2017-11-07 07:36:08 - [TEST_STEP][PASSED] - callTestCase: Call Test Case 'Test Cases/ECR/Login_Pooja' successfully

2017-11-07 07:36:08 - [TEST_CASE][PASSED] - Test Cases/ECR/Login_Pooja: Test Cases/ECR/Login_Pooja

2017-11-07 07:36:09 - [TEST_STEP][PASSED] - openBrowser: Browser is opened with url: ''

2017-11-07 07:36:13 - [MESSAGE][PASSED] - Browser is opened with url: ''

2017-11-07 07:36:13 - [TEST_STEP][PASSED] - navigateToUrl: Navigate to 'http://vtcpqa2:9685/tcpqa/PRServlet/beEBp4uRVTogorRwSwWqbOtn9IL2fwdI*/!STANDARD?pzPostData=2056462535' successfully

2017-11-07 07:36:15 - [MESSAGE][PASSED] - Navigate to 'http://vtcpqa2:9685/tcpqa/PRServlet/beEBp4uRVTogorRwSwWqbOtn9IL2fwdI*/!STANDARD?pzPostData=2056462535' successfully

2017-11-07 07:36:15 - [TEST_STEP][PASSED] - setText: Text 'ellia@pegasystems.com' is set on object 'Object Repository/Methods_Pooja/Page_Pega 7/input_UserIdentifier'

2017-11-07 07:36:15 - [MESSAGE][PASSED] - Text 'ellia@pegasystems.com' is set on object 'Object Repository/Methods_Pooja/Page_Pega 7/input_UserIdentifier'

2017-11-07 07:36:15 - [TEST_STEP][PASSED] - setText: Text 'install' is set on object 'Object Repository/Methods_Pooja/Page_Pega 7/input_Password'

2017-11-07 07:36:16 - [MESSAGE][PASSED] - Text 'install' is set on object 'Object Repository/Methods_Pooja/Page_Pega 7/input_Password'

2017-11-07 07:36:16 - [TEST_STEP][PASSED] - click: Object: 'Object Repository/Methods_Pooja/Page_Pega 7/button_pyActivityCode-Security' is clicked on

2017-11-07 07:36:25 - [MESSAGE][PASSED] - Object: 'Object Repository/Methods_Pooja/Page_Pega 7/button_pyActivityCode-Security' is clicked on

2017-11-07 07:36:25 - [TEST_STEP][PASSED] - maximizeWindow: Current window maximized

2017-11-07 07:36:26 - [MESSAGE][PASSED] - Current window maximized

2017-11-07 07:36:27 - [MESSAGE][PASSED] - Call Test Case 'Test Cases/ECR/Login_Pooja' successfully

2017-11-07 07:36:27 - [TEST_STEP][FAILED] - callTestCase: Unable to call Test Case with id 'Test Cases/Sprint-9/Find Quote WO' (Root cause: Call Test Case 'Test Cases/Sprint-9/Find Quote WO' failed)

2017-11-07 07:36:27 - [TEST_CASE][FAILED] - Test Cases/Sprint-9/Find Quote WO: Test Cases/Sprint-9/Find Quote WO FAILED because (of) Unable to double click on object 'Object Repository/Methods_Pooja/Page_The Consulting Portal (TCP) (1)/div_ECR-03Nov2017-1 (2)' (Root cause: com.kms.katalon.core.webui.exception.WebElementNotFoundException: Web element with id: 'Object Repository/Methods_Pooja/Page_The Consulting Portal (TCP) (1)/div_ECR-03Nov2017-1 (2)' located by 'By.xpath: //div[count(. | //*[contains(.,'ECR-03Nov2017-1')]) = count(//*[contains(.,'ECR-03Nov2017-1')])]' not found)

2017-11-07 07:36:27 - [TEST_STEP][PASSED] - click: Object: 'Object Repository/Methods_Pooja/Page_The Consulting Portal (TCP) (1)/span_Advanced Search (1)' is clicked on

2017-11-07 07:36:32 - [MESSAGE][PASSED] - Object: 'Object Repository/Methods_Pooja/Page_The Consulting Portal (TCP) (1)/span_Advanced Search (1)' is clicked on

2017-11-07 07:36:32 - [TEST_STEP][PASSED] - selectOptionByValue: All options with value 'Clinic Request' are selected in object 'Object Repository/Methods_Pooja/Page_The Consulting Portal (TCP) (1)/select_PpyWorkPagepSrchCaseTyp'  using regular expression

2017-11-07 07:36:32 - [MESSAGE][PASSED] - All options with value 'Clinic Request' are selected in object 'Object Repository/Methods_Pooja/Page_The Consulting Portal (TCP) (1)/select_PpyWorkPagepSrchCaseTyp'  using regular expression

2017-11-07 07:36:32 - [TEST_STEP][PASSED] - selectOptionByValue: All options with value 'Pending-Clinic' are selected in object 'Object Repository/Methods_Pooja/Page_The Consulting Portal (TCP) (1)/select_PpyWorkPagepSrchStatus'  using regular expression

2017-11-07 07:36:36 - [MESSAGE][PASSED] - All options with value 'Pending-Clinic' are selected in object 'Object Repository/Methods_Pooja/Page_The Consulting Portal (TCP) (1)/select_PpyWorkPagepSrchStatus'  using regular expression

2017-11-07 07:36:36 - [TEST_STEP][PASSED] - click: Object: 'Object Repository/Methods_Pooja/Page_The Consulting Portal (TCP) (1)/img_inactvIcon icnHvr' is clicked on

2017-11-07 07:36:37 - [MESSAGE][PASSED] - Object: 'Object Repository/Methods_Pooja/Page_The Consulting Portal (TCP) (1)/img_inactvIcon icnHvr' is clicked on

2017-11-07 07:36:37 - [TEST_STEP][PASSED] - click: Object: 'Object Repository/Methods_Pooja/Page_The Consulting Portal (TCP) (1)/a_1' is clicked on

2017-11-07 07:36:37 - [MESSAGE][PASSED] - Object: 'Object Repository/Methods_Pooja/Page_The Consulting Portal (TCP) (1)/a_1' is clicked on

2017-11-07 07:36:37 - [TEST_STEP][PASSED] - click: Object: 'Object Repository/Methods_Pooja/Page_The Consulting Portal (TCP) (1)/button_Search' is clicked on

2017-11-07 07:36:38 - [MESSAGE][PASSED] - Object: 'Object Repository/Methods_Pooja/Page_The Consulting Portal (TCP) (1)/button_Search' is clicked on

2017-11-07 07:36:38 - [TEST_STEP][FAILED] - doubleClick: Unable to double click on object 'Object Repository/Methods_Pooja/Page_The Consulting Portal (TCP) (1)/div_ECR-03Nov2017-1 (2)' (Root cause: com.kms.katalon.core.webui.exception.WebElementNotFoundException: Web element with id: 'Object Repository/Methods_Pooja/Page_The Consulting Portal (TCP) (1)/div_ECR-03Nov2017-1 (2)' located by 'By.xpath: //div[count(. | //*[contains(.,'ECR-03Nov2017-1')]) = count(//*[contains(.,'ECR-03Nov2017-1')])]' not found)

2017-11-07 07:37:11 - [MESSAGE][FAILED] - Unable to double click on object 'Object Repository/Methods_Pooja/Page_The Consulting Portal (TCP) (1)/div_ECR-03Nov2017-1 (2)' (Root cause: com.kms.katalon.core.webui.exception.WebElementNotFoundException: Web element with id: 'Object Repository/Methods_Pooja/Page_The Consulting Portal (TCP) (1)/div_ECR-03Nov2017-1 (2)' located by 'By.xpath: //div[count(. | //*[contains(.,'ECR-03Nov2017-1')]) = count(//*[contains(.,'ECR-03Nov2017-1')])]' not found)
[[ATTACHMENT|C:\\Users\\raycp\\Desktop\\COE\\Reports\\Pooja\\User Story\\20171107_073605\\1510020430783.png]]

2017-11-07 07:37:11 - [MESSAGE][FAILED] - Unable to call Test Case with id 'Test Cases/Sprint-9/Find Quote WO' (Root cause: Call Test Case 'Test Cases/Sprint-9/Find Quote WO' failed)]]></system-out>
         <system-err><![CDATA[2017-11-07 07:36:08 - [TEST_CASE][FAILED] - Test Cases/Sprint-9/US-193833: Test Cases/Sprint-9/US-193833 FAILED because (of) Unable to double click on object 'Object Repository/Methods_Pooja/Page_The Consulting Portal (TCP) (1)/div_ECR-03Nov2017-1 (2)' (Root cause: com.kms.katalon.core.webui.exception.WebElementNotFoundException: Web element with id: 'Object Repository/Methods_Pooja/Page_The Consulting Portal (TCP) (1)/div_ECR-03Nov2017-1 (2)' located by 'By.xpath: //div[count(. | //*[contains(.,'ECR-03Nov2017-1')]) = count(//*[contains(.,'ECR-03Nov2017-1')])]' not found)]]></system-err>
      </testcase>
      <testcase name="Test Cases/Sprint-9/Find Quote WO" classname="Test Cases/Sprint-9/Find Quote WO" status="FAILED">
         <failure type="FAILED" message="Unable to double click on object 'Object Repository/Methods_Pooja/Page_The Consulting Portal (TCP) (1)/div_ECR-03Nov2017-1 (2)' (Root cause: com.kms.katalon.core.webui.exception.WebElementNotFoundException: Web element with id: 'Object Repository/Methods_Pooja/Page_The Consulting Portal (TCP) (1)/div_ECR-03Nov2017-1 (2)' located by 'By.xpath: //div[count(. | //*[contains(.,'ECR-03Nov2017-1')]) = count(//*[contains(.,'ECR-03Nov2017-1')])]' not found)"/>
         <system-out><![CDATA[2017-11-07 07:37:11 - [TEST_CASE][FAILED] - Test Cases/Sprint-9/Find Quote WO: Test Cases/Sprint-9/Find Quote WO FAILED because (of) Unable to double click on object 'Object Repository/Methods_Pooja/Page_The Consulting Portal (TCP) (1)/div_ECR-03Nov2017-1 (2)' (Root cause: com.kms.katalon.core.webui.exception.WebElementNotFoundException: Web element with id: 'Object Repository/Methods_Pooja/Page_The Consulting Portal (TCP) (1)/div_ECR-03Nov2017-1 (2)' located by 'By.xpath: //div[count(. | //*[contains(.,'ECR-03Nov2017-1')]) = count(//*[contains(.,'ECR-03Nov2017-1')])]' not found)

2017-11-07 07:37:11 - [TEST_STEP][PASSED] - click: Object: 'Object Repository/Methods_Pooja/Page_The Consulting Portal (TCP) (1)/span_Advanced Search (1)' is clicked on

2017-11-07 07:37:11 - [MESSAGE][PASSED] - Object: 'Object Repository/Methods_Pooja/Page_The Consulting Portal (TCP) (1)/span_Advanced Search (1)' is clicked on

2017-11-07 07:37:11 - [TEST_STEP][PASSED] - selectOptionByValue: All options with value 'Clinic Request' are selected in object 'Object Repository/Methods_Pooja/Page_The Consulting Portal (TCP) (1)/select_PpyWorkPagepSrchCaseTyp'  using regular expression

2017-11-07 07:37:12 - [MESSAGE][PASSED] - All options with value 'Clinic Request' are selected in object 'Object Repository/Methods_Pooja/Page_The Consulting Portal (TCP) (1)/select_PpyWorkPagepSrchCaseTyp'  using regular expression

2017-11-07 07:37:12 - [TEST_STEP][PASSED] - selectOptionByValue: All options with value 'Pending-Clinic' are selected in object 'Object Repository/Methods_Pooja/Page_The Consulting Portal (TCP) (1)/select_PpyWorkPagepSrchStatus'  using regular expression

2017-11-07 07:37:13 - [MESSAGE][PASSED] - All options with value 'Pending-Clinic' are selected in object 'Object Repository/Methods_Pooja/Page_The Consulting Portal (TCP) (1)/select_PpyWorkPagepSrchStatus'  using regular expression

2017-11-07 07:37:13 - [TEST_STEP][PASSED] - click: Object: 'Object Repository/Methods_Pooja/Page_The Consulting Portal (TCP) (1)/img_inactvIcon icnHvr' is clicked on

2017-11-07 07:37:13 - [MESSAGE][PASSED] - Object: 'Object Repository/Methods_Pooja/Page_The Consulting Portal (TCP) (1)/img_inactvIcon icnHvr' is clicked on

2017-11-07 07:37:13 - [TEST_STEP][PASSED] - click: Object: 'Object Repository/Methods_Pooja/Page_The Consulting Portal (TCP) (1)/a_1' is clicked on

2017-11-07 07:37:14 - [MESSAGE][PASSED] - Object: 'Object Repository/Methods_Pooja/Page_The Consulting Portal (TCP) (1)/a_1' is clicked on

2017-11-07 07:37:14 - [TEST_STEP][PASSED] - click: Object: 'Object Repository/Methods_Pooja/Page_The Consulting Portal (TCP) (1)/button_Search' is clicked on

2017-11-07 07:37:14 - [MESSAGE][PASSED] - Object: 'Object Repository/Methods_Pooja/Page_The Consulting Portal (TCP) (1)/button_Search' is clicked on

2017-11-07 07:37:14 - [TEST_STEP][FAILED] - doubleClick: Unable to double click on object 'Object Repository/Methods_Pooja/Page_The Consulting Portal (TCP) (1)/div_ECR-03Nov2017-1 (2)' (Root cause: com.kms.katalon.core.webui.exception.WebElementNotFoundException: Web element with id: 'Object Repository/Methods_Pooja/Page_The Consulting Portal (TCP) (1)/div_ECR-03Nov2017-1 (2)' located by 'By.xpath: //div[count(. | //*[contains(.,'ECR-03Nov2017-1')]) = count(//*[contains(.,'ECR-03Nov2017-1')])]' not found)

2017-11-07 07:37:55 - [MESSAGE][FAILED] - Unable to double click on object 'Object Repository/Methods_Pooja/Page_The Consulting Portal (TCP) (1)/div_ECR-03Nov2017-1 (2)' (Root cause: com.kms.katalon.core.webui.exception.WebElementNotFoundException: Web element with id: 'Object Repository/Methods_Pooja/Page_The Consulting Portal (TCP) (1)/div_ECR-03Nov2017-1 (2)' located by 'By.xpath: //div[count(. | //*[contains(.,'ECR-03Nov2017-1')]) = count(//*[contains(.,'ECR-03Nov2017-1')])]' not found)
[[ATTACHMENT|C:\\Users\\raycp\\Desktop\\COE\\Reports\\Pooja\\User Story\\20171107_073605\\1510020474708.png]]]]></system-out>
         <system-err><![CDATA[2017-11-07 07:37:11 - [TEST_CASE][FAILED] - Test Cases/Sprint-9/Find Quote WO: Test Cases/Sprint-9/Find Quote WO FAILED because (of) Unable to double click on object 'Object Repository/Methods_Pooja/Page_The Consulting Portal (TCP) (1)/div_ECR-03Nov2017-1 (2)' (Root cause: com.kms.katalon.core.webui.exception.WebElementNotFoundException: Web element with id: 'Object Repository/Methods_Pooja/Page_The Consulting Portal (TCP) (1)/div_ECR-03Nov2017-1 (2)' located by 'By.xpath: //div[count(. | //*[contains(.,'ECR-03Nov2017-1')]) = count(//*[contains(.,'ECR-03Nov2017-1')])]' not found)]]></system-err>
      </testcase>
      <testcase name="Test Cases/Sprint-9/OpenWO" classname="Test Cases/Sprint-9/OpenWO" status="FAILED">
         <failure type="FAILED" message="Unable to double click on object 'Object Repository/Methods_Pooja/Page_The Consulting Portal (TCP) (2)/div_ECR-03Nov2017-1 (1)' (Root cause: com.kms.katalon.core.webui.exception.WebElementNotFoundException: Web element with id: 'Object Repository/Methods_Pooja/Page_The Consulting Portal (TCP) (2)/div_ECR-03Nov2017-1 (1)' located by 'By.xpath: /html/body/div[3]/form/div[3]/div/table/tbody/tr/td/div/div/span/div/span/div[1]/div/span/div/div[3]/div/div/div/div/div/div/div/div/div/div/div/span/div/table/tbody/tr/td/div/div/div[2]/table/tbody/tr/td[2]/div/table/tbody/tr[2]/td[2]/div[count(. | //*[contains(.,'ECR-03Nov2017-1')]) = count(//*[contains(.,'ECR-03Nov2017-1')])]' not found)"/>
         <system-out><![CDATA[2017-11-07 07:37:55 - [TEST_CASE][FAILED] - Test Cases/Sprint-9/OpenWO: Test Cases/Sprint-9/OpenWO FAILED because (of) Unable to double click on object 'Object Repository/Methods_Pooja/Page_The Consulting Portal (TCP) (2)/div_ECR-03Nov2017-1 (1)' (Root cause: com.kms.katalon.core.webui.exception.WebElementNotFoundException: Web element with id: 'Object Repository/Methods_Pooja/Page_The Consulting Portal (TCP) (2)/div_ECR-03Nov2017-1 (1)' located by 'By.xpath: /html/body/div[3]/form/div[3]/div/table/tbody/tr/td/div/div/span/div/span/div[1]/div/span/div/div[3]/div/div/div/div/div/div/div/div/div/div/div/span/div/table/tbody/tr/td/div/div/div[2]/table/tbody/tr/td[2]/div/table/tbody/tr[2]/td[2]/div[count(. | //*[contains(.,'ECR-03Nov2017-1')]) = count(//*[contains(.,'ECR-03Nov2017-1')])]' not found)

2017-11-07 07:37:55 - [TEST_STEP][FAILED] - doubleClick: Unable to double click on object 'Object Repository/Methods_Pooja/Page_The Consulting Portal (TCP) (2)/div_ECR-03Nov2017-1 (1)' (Root cause: com.kms.katalon.core.webui.exception.WebElementNotFoundException: Web element with id: 'Object Repository/Methods_Pooja/Page_The Consulting Portal (TCP) (2)/div_ECR-03Nov2017-1 (1)' located by 'By.xpath: /html/body/div[3]/form/div[3]/div/table/tbody/tr/td/div/div/span/div/span/div[1]/div/span/div/div[3]/div/div/div/div/div/div/div/div/div/div/div/span/div/table/tbody/tr/td/div/div/div[2]/table/tbody/tr/td[2]/div/table/tbody/tr[2]/td[2]/div[count(. | //*[contains(.,'ECR-03Nov2017-1')]) = count(//*[contains(.,'ECR-03Nov2017-1')])]' not found)

2017-11-07 07:38:27 - [MESSAGE][FAILED] - Unable to double click on object 'Object Repository/Methods_Pooja/Page_The Consulting Portal (TCP) (2)/div_ECR-03Nov2017-1 (1)' (Root cause: com.kms.katalon.core.webui.exception.WebElementNotFoundException: Web element with id: 'Object Repository/Methods_Pooja/Page_The Consulting Portal (TCP) (2)/div_ECR-03Nov2017-1 (1)' located by 'By.xpath: /html/body/div[3]/form/div[3]/div/table/tbody/tr/td/div/div/span/div/span/div[1]/div/span/div/div[3]/div/div/div/div/div/div/div/div/div/div/div/span/div/table/tbody/tr/td/div/div/div[2]/table/tbody/tr/td[2]/div/table/tbody/tr[2]/td[2]/div[count(. | //*[contains(.,'ECR-03Nov2017-1')]) = count(//*[contains(.,'ECR-03Nov2017-1')])]' not found)
[[ATTACHMENT|C:\\Users\\raycp\\Desktop\\COE\\Reports\\Pooja\\User Story\\20171107_073605\\1510020506578.png]]]]></system-out>
         <system-err><![CDATA[2017-11-07 07:37:55 - [TEST_CASE][FAILED] - Test Cases/Sprint-9/OpenWO: Test Cases/Sprint-9/OpenWO FAILED because (of) Unable to double click on object 'Object Repository/Methods_Pooja/Page_The Consulting Portal (TCP) (2)/div_ECR-03Nov2017-1 (1)' (Root cause: com.kms.katalon.core.webui.exception.WebElementNotFoundException: Web element with id: 'Object Repository/Methods_Pooja/Page_The Consulting Portal (TCP) (2)/div_ECR-03Nov2017-1 (1)' located by 'By.xpath: /html/body/div[3]/form/div[3]/div/table/tbody/tr/td/div/div/span/div/span/div[1]/div/span/div/div[3]/div/div/div/div/div/div/div/div/div/div/div/span/div/table/tbody/tr/td/div/div/div[2]/table/tbody/tr/td[2]/div/table/tbody/tr[2]/td[2]/div[count(. | //*[contains(.,'ECR-03Nov2017-1')]) = count(//*[contains(.,'ECR-03Nov2017-1')])]' not found)]]></system-err>
      </testcase>
      <system-out><![CDATA[2017-11-07 07:36:07 - [TEST_SUITE][FAILED] - User Story: Test Cases/Sprint-9/US-193833 FAILED because (of) Unable to double click on object 'Object Repository/Methods_Pooja/Page_The Consulting Portal (TCP) (1)/div_ECR-03Nov2017-1 (2)' (Root cause: com.kms.katalon.core.webui.exception.WebElementNotFoundException: Web element with id: 'Object Repository/Methods_Pooja/Page_The Consulting Portal (TCP) (1)/div_ECR-03Nov2017-1 (2)' located by 'By.xpath: //div[count(. | //*[contains(.,'ECR-03Nov2017-1')]) = count(//*[contains(.,'ECR-03Nov2017-1')])]' not found)]]></system-out>
      <system-err><![CDATA[2017-11-07 07:36:07 - [TEST_SUITE][FAILED] - User Story: Test Cases/Sprint-9/US-193833 FAILED because (of) Unable to double click on object 'Object Repository/Methods_Pooja/Page_The Consulting Portal (TCP) (1)/div_ECR-03Nov2017-1 (2)' (Root cause: com.kms.katalon.core.webui.exception.WebElementNotFoundException: Web element with id: 'Object Repository/Methods_Pooja/Page_The Consulting Portal (TCP) (1)/div_ECR-03Nov2017-1 (2)' located by 'By.xpath: //div[count(. | //*[contains(.,'ECR-03Nov2017-1')]) = count(//*[contains(.,'ECR-03Nov2017-1')])]' not found)]]></system-err>
   </testsuite>
</testsuites>
