<?xml version="1.0" encoding="UTF-8"?>
<testsuites name="GoLive" time="33" tests="2" failures="0" errors="0">
   <testsuite name="GoLive" tests="2" failures="0" errors="0" time="33" timestamp="2017-11-10 10:00:41" hostname="raycp - L23017WIN.rpega.com" id="Test Suites/Pooja/GoLive">
      <properties>
         <property name="deviceName" value=""/>
         <property name="devicePlatform" value=""/>
         <property name="logFolder" value="C:\\Users\\raycp\\Desktop\\COE\\Reports\\Pooja\\GoLive\\20171110_100039"/>
         <property name="logFiles" value="C:\\Users\\raycp\\Desktop\\COE\\Reports\\Pooja\\GoLive\\20171110_100039\\execution0.log"/>
         <property name="attachments" value=""/>
         <property name="hostName" value="raycp - L23017WIN.rpega.com"/>
         <property name="os" value="Windows 10 32bit"/>
         <property name="katalonVersion" value="4.8.0.2"/>
         <property name="browser" value="Chrome 61.0.3163.100"/>
         <property name="hostAddress" value="10.150.113.10"/>
         <property name="sessionId" value="fe681ceff06654a3ec09e04e1155590a"/>
         <property name="seleniumVersion" value="2.53.0"/>
         <property name="proxyInformation" value="ProxyInformation{proxyOption=NO_PROXY, proxyServerType=HTTP, password=, proxyServerAddress=, proxyServerPort=0}"/>
         <property name="platform" value="Windows 10"/>
      </properties>
      <testcase name="Test Cases/GOLIVE/Go_Live" classname="Test Cases/GOLIVE/Go_Live" status="PASSED">
         <system-out><![CDATA[2017-11-10 10:00:41 - [TEST_CASE][PASSED] - Test Cases/GOLIVE/Go_Live: Test Cases/GOLIVE/Go_Live

2017-11-10 10:00:42 - [TEST_STEP][PASSED] - openBrowser: Browser is opened with url: ''

2017-11-10 10:00:45 - [MESSAGE][PASSED] - Browser is opened with url: ''

2017-11-10 10:00:45 - [TEST_STEP][PASSED] - navigateToUrl: Navigate to 'https://vciaqa.rpega.com:8333/ciaqa/PRServlet/dGKN-A6ThDliXf4sywRqw74EFIEOGY6R*/!STANDARD' successfully

2017-11-10 10:00:47 - [MESSAGE][PASSED] - Navigate to 'https://vciaqa.rpega.com:8333/ciaqa/PRServlet/dGKN-A6ThDliXf4sywRqw74EFIEOGY6R*/!STANDARD' successfully

2017-11-10 10:00:47 - [TEST_STEP][PASSED] - setText: Text 'hendj@pegasystems.com' is set on object 'Object Repository/GOLive_Objects/Page_Pega 7/input_UserIdentifier'

2017-11-10 10:00:47 - [MESSAGE][PASSED] - Text 'hendj@pegasystems.com' is set on object 'Object Repository/GOLive_Objects/Page_Pega 7/input_UserIdentifier'

2017-11-10 10:00:47 - [TEST_STEP][PASSED] - setText: Text 'install' is set on object 'Object Repository/GOLive_Objects/Page_Pega 7/input_Password'

2017-11-10 10:00:47 - [MESSAGE][PASSED] - Text 'install' is set on object 'Object Repository/GOLive_Objects/Page_Pega 7/input_Password'

2017-11-10 10:00:47 - [TEST_STEP][PASSED] - click: Object: 'Object Repository/GOLive_Objects/Page_Pega 7/button_pyActivityCode-Security' is clicked on

2017-11-10 10:00:53 - [MESSAGE][PASSED] - Object: 'Object Repository/GOLive_Objects/Page_Pega 7/button_pyActivityCode-Security' is clicked on

2017-11-10 10:00:53 - [TEST_STEP][PASSED] - maximizeWindow: Current window maximized

2017-11-10 10:00:54 - [MESSAGE][PASSED] - Current window maximized

2017-11-10 10:00:54 - [TEST_STEP][PASSED] - click: Object: 'Object Repository/GOLive_Objects/Page_AIAManager/div_Enter Go Live' is clicked on

2017-11-10 10:00:54 - [MESSAGE][PASSED] - Object: 'Object Repository/GOLive_Objects/Page_AIAManager/div_Enter Go Live' is clicked on

2017-11-10 10:00:58 - [TEST_STEP][PASSED] - sendKeys: Keys 'IM-1' sent to object: 'Object Repository/GOLive_Objects/Page_AIAManager/select_PpyWorkPagepImplementat'

2017-11-10 10:00:58 - [MESSAGE][PASSED] - Keys 'IM-1' sent to object: 'Object Repository/GOLive_Objects/Page_AIAManager/select_PpyWorkPagepImplementat'

2017-11-10 10:00:58 - [TEST_STEP][PASSED] - setText: Text 'BOFA' is set on object 'Object Repository/GOLive_Objects/Page_AIAManager/input_PpyWorkPagepPacOrgID'

2017-11-10 10:00:59 - [MESSAGE][PASSED] - Text 'BOFA' is set on object 'Object Repository/GOLive_Objects/Page_AIAManager/input_PpyWorkPagepPacOrgID'

2017-11-10 10:00:59 - [TEST_STEP][PASSED] - click: Object: 'Object Repository/GOLive_Objects/SelectOrg' is clicked on

2017-11-10 10:01:00 - [MESSAGE][PASSED] - Object: 'Object Repository/GOLive_Objects/SelectOrg' is clicked on

2017-11-10 10:01:00 - [TEST_STEP][PASSED] - delay: Delayed 2 second(s)

2017-11-10 10:01:02 - [MESSAGE][PASSED] - Delayed 2 second(s)

2017-11-10 10:01:02 - [TEST_STEP][PASSED] - setText: Text 'BOFAUK' is set on object 'Object Repository/GOLive_Objects/Account'

2017-11-10 10:01:02 - [MESSAGE][PASSED] - Text 'BOFAUK' is set on object 'Object Repository/GOLive_Objects/Account'

2017-11-10 10:01:02 - [TEST_STEP][PASSED] - click: Object: 'Object Repository/GOLive_Objects/Select_Acc' is clicked on

2017-11-10 10:01:03 - [MESSAGE][PASSED] - Object: 'Object Repository/GOLive_Objects/Select_Acc' is clicked on

2017-11-10 10:01:03 - [TEST_STEP][PASSED] - delay: Delayed 2 second(s)

2017-11-10 10:01:05 - [MESSAGE][PASSED] - Delayed 2 second(s)

2017-11-10 10:01:05 - [TEST_STEP][PASSED] - click: Object: 'Object Repository/GOLive_Objects/Page_AIAManager/select_PpyWorkPagepEngagementI' is clicked on

2017-11-10 10:01:05 - [MESSAGE][PASSED] - Object: 'Object Repository/GOLive_Objects/Page_AIAManager/select_PpyWorkPagepEngagementI' is clicked on

2017-11-10 10:01:05 - [TEST_STEP][PASSED] - click: Object: 'Object Repository/GOLive_Objects/Engagement' is clicked on

2017-11-10 10:01:05 - [MESSAGE][PASSED] - Object: 'Object Repository/GOLive_Objects/Engagement' is clicked on

2017-11-10 10:01:06 - [TEST_STEP][PASSED] - setText: Text 'COMMENT' is set on object 'Object Repository/GOLive_Objects/Page_AIAManager/textarea_PpyWorkPagepComments'

2017-11-10 10:01:06 - [MESSAGE][PASSED] - Text 'COMMENT' is set on object 'Object Repository/GOLive_Objects/Page_AIAManager/textarea_PpyWorkPagepComments'

2017-11-10 10:01:06 - [TEST_STEP][PASSED] - delay: Delayed 1 second(s)

2017-11-10 10:01:07 - [MESSAGE][PASSED] - Delayed 1 second(s)

2017-11-10 10:01:07 - [TEST_STEP][PASSED] - setText: Text 'Bank Of America' is set on object 'Object Repository/GOLive_Objects/Page_AIAManager/input_PpyWorkPagepAnnouncement'

2017-11-10 10:01:08 - [MESSAGE][PASSED] - Text 'Bank Of America' is set on object 'Object Repository/GOLive_Objects/Page_AIAManager/input_PpyWorkPagepAnnouncement'

2017-11-10 10:01:08 - [TEST_STEP][PASSED] - click: Object: 'Object Repository/GOLive_Objects/Page_AIAManager/img_inactvIcon icnHvr' is clicked on

2017-11-10 10:01:08 - [MESSAGE][PASSED] - Object: 'Object Repository/GOLive_Objects/Page_AIAManager/img_inactvIcon icnHvr' is clicked on

2017-11-10 10:01:08 - [TEST_STEP][PASSED] - click: Object: 'Object Repository/GOLive_Objects/Page_AIAManager/a_14' is clicked on

2017-11-10 10:01:08 - [MESSAGE][PASSED] - Object: 'Object Repository/GOLive_Objects/Page_AIAManager/a_14' is clicked on

2017-11-10 10:01:08 - [TEST_STEP][PASSED] - click: Object: 'Object Repository/GOLive_Objects/Page_AIAManager/input_PpyWorkPagepIsRapidDeliv' is clicked on

2017-11-10 10:01:09 - [MESSAGE][PASSED] - Object: 'Object Repository/GOLive_Objects/Page_AIAManager/input_PpyWorkPagepIsRapidDeliv' is clicked on

2017-11-10 10:01:09 - [TEST_STEP][PASSED] - click: Object: 'Object Repository/GOLive_Objects/Page_AIAManager/input_PpyWorkPagepIsCorporateM' is clicked on

2017-11-10 10:01:09 - [MESSAGE][PASSED] - Object: 'Object Repository/GOLive_Objects/Page_AIAManager/input_PpyWorkPagepIsCorporateM' is clicked on

2017-11-10 10:01:09 - [TEST_STEP][PASSED] - click: Object: 'Object Repository/GOLive_Objects/Page_AIAManager/input_PpyWorkPagepMinorRelease' is clicked on

2017-11-10 10:01:09 - [MESSAGE][PASSED] - Object: 'Object Repository/GOLive_Objects/Page_AIAManager/input_PpyWorkPagepMinorRelease' is clicked on

2017-11-10 10:01:09 - [TEST_STEP][PASSED] - selectOptionByValue: All options with value 'Pega-Led' are selected in object 'Object Repository/GOLive_Objects/Page_AIAManager/select_PpyWorkPagepDeliveryMod'  using regular expression

2017-11-10 10:01:09 - [MESSAGE][PASSED] - All options with value 'Pega-Led' are selected in object 'Object Repository/GOLive_Objects/Page_AIAManager/select_PpyWorkPagepDeliveryMod'  using regular expression

2017-11-10 10:01:09 - [TEST_STEP][PASSED] - click: Object: 'Object Repository/GOLive_Objects/Page_AIAManager/input_PpyWorkPagepIsCloudImpl' is clicked on

2017-11-10 10:01:10 - [MESSAGE][PASSED] - Object: 'Object Repository/GOLive_Objects/Page_AIAManager/input_PpyWorkPagepIsCloudImpl' is clicked on

2017-11-10 10:01:10 - [TEST_STEP][PASSED] - click: Object: 'Object Repository/GOLive_Objects/Page_AIAManager/input_PpyWorkPagepNoAssociated' is clicked on

2017-11-10 10:01:10 - [MESSAGE][PASSED] - Object: 'Object Repository/GOLive_Objects/Page_AIAManager/input_PpyWorkPagepNoAssociated' is clicked on]]></system-out>
         <system-err><![CDATA[]]></system-err>
      </testcase>
      <testcase name="Test Cases/GOLIVE/ClickNext" classname="Test Cases/GOLIVE/ClickNext" status="PASSED">
         <system-out><![CDATA[2017-11-10 10:01:10 - [TEST_CASE][PASSED] - Test Cases/GOLIVE/ClickNext: Test Cases/GOLIVE/ClickNext

2017-11-10 10:01:10 - [TEST_STEP][PASSED] - click: Object: 'Object Repository/GOLive_Objects/Page_AIAManager/div_Next' is clicked on

2017-11-10 10:01:14 - [MESSAGE][PASSED] - Object: 'Object Repository/GOLive_Objects/Page_AIAManager/div_Next' is clicked on]]></system-out>
         <system-err><![CDATA[]]></system-err>
      </testcase>
      <system-out><![CDATA[2017-11-10 10:00:41 - [TEST_SUITE][PASSED] - GoLive: Test Cases/GOLIVE/ClickNext]]></system-out>
      <system-err><![CDATA[]]></system-err>
   </testsuite>
</testsuites>
