<?xml version="1.0" encoding="UTF-8"?>
<testsuites name="User Story" time="99" tests="1" failures="1" errors="0">
   <testsuite name="User Story" tests="1" failures="1" errors="0" time="99" timestamp="2017-11-07 09:38:47" hostname="raycp - L23017WIN.rpega.com" id="Test Suites/Pooja/User Story">
      <properties>
         <property name="deviceName" value=""/>
         <property name="devicePlatform" value=""/>
         <property name="logFolder" value="C:\\Users\\raycp\\Desktop\\COE\\Reports\\Pooja\\User Story\\20171107_093846"/>
         <property name="logFiles" value="C:\\Users\\raycp\\Desktop\\COE\\Reports\\Pooja\\User Story\\20171107_093846\\execution0.log"/>
         <property name="attachments" value="C:\\Users\\raycp\\Desktop\\COE\\Reports\\Pooja\\User Story\\20171107_093846\\1510027758244.png, C:\\Users\\raycp\\Desktop\\COE\\Reports\\Pooja\\User Story\\20171107_093846\\1510027825834.png"/>
         <property name="hostName" value="raycp - L23017WIN.rpega.com"/>
         <property name="os" value="Windows 10 32bit"/>
         <property name="katalonVersion" value="4.8.0.2"/>
         <property name="browser" value="Chrome 61.0.3163.100"/>
         <property name="hostAddress" value="10.150.113.10"/>
         <property name="sessionId" value="bbd2876af4029845be56276a45459678"/>
         <property name="seleniumVersion" value="2.53.0"/>
         <property name="proxyInformation" value="ProxyInformation{proxyOption=NO_PROXY, proxyServerType=HTTP, password=, proxyServerAddress=, proxyServerPort=0}"/>
         <property name="platform" value="Windows 10"/>
      </properties>
      <testcase name="Test Cases/Sprint-9/US-193833" classname="Test Cases/Sprint-9/US-193833" status="PASSED">
         <system-out><![CDATA[2017-11-07 09:38:48 - [TEST_CASE][PASSED] - Test Cases/Sprint-9/US-193833: Test Cases/Sprint-9/US-193833

2017-11-07 09:38:48 - [TEST_STEP][PASSED] - callTestCase: Call Test Case 'Test Cases/ECR/Login_Pooja' successfully

2017-11-07 09:38:48 - [TEST_CASE][PASSED] - Test Cases/ECR/Login_Pooja: Test Cases/ECR/Login_Pooja

2017-11-07 09:38:48 - [TEST_STEP][PASSED] - openBrowser: Browser is opened with url: ''

2017-11-07 09:38:51 - [MESSAGE][PASSED] - Browser is opened with url: ''

2017-11-07 09:38:51 - [TEST_STEP][PASSED] - navigateToUrl: Navigate to 'http://vtcpqa2:9685/tcpqa/PRServlet/beEBp4uRVTogorRwSwWqbOtn9IL2fwdI*/!STANDARD?pzPostData=2056462535' successfully

2017-11-07 09:38:53 - [MESSAGE][PASSED] - Navigate to 'http://vtcpqa2:9685/tcpqa/PRServlet/beEBp4uRVTogorRwSwWqbOtn9IL2fwdI*/!STANDARD?pzPostData=2056462535' successfully

2017-11-07 09:38:53 - [TEST_STEP][PASSED] - setText: Text 'langr1@pegasystems.com' is set on object 'Object Repository/Methods_Pooja/Page_Pega 7/input_UserIdentifier'

2017-11-07 09:38:54 - [MESSAGE][PASSED] - Text 'langr1@pegasystems.com' is set on object 'Object Repository/Methods_Pooja/Page_Pega 7/input_UserIdentifier'

2017-11-07 09:38:54 - [TEST_STEP][PASSED] - setText: Text 'install' is set on object 'Object Repository/Methods_Pooja/Page_Pega 7/input_Password'

2017-11-07 09:38:54 - [MESSAGE][PASSED] - Text 'install' is set on object 'Object Repository/Methods_Pooja/Page_Pega 7/input_Password'

2017-11-07 09:38:54 - [TEST_STEP][PASSED] - click: Object: 'Object Repository/Methods_Pooja/Page_Pega 7/button_pyActivityCode-Security' is clicked on

2017-11-07 09:39:05 - [MESSAGE][PASSED] - Object: 'Object Repository/Methods_Pooja/Page_Pega 7/button_pyActivityCode-Security' is clicked on

2017-11-07 09:39:05 - [TEST_STEP][PASSED] - maximizeWindow: Current window maximized

2017-11-07 09:39:06 - [MESSAGE][PASSED] - Current window maximized

2017-11-07 09:39:06 - [MESSAGE][PASSED] - Call Test Case 'Test Cases/ECR/Login_Pooja' successfully

2017-11-07 09:39:06 - [TEST_STEP][PASSED] - callTestCase: Call Test Case 'Test Cases/Sprint-9/Find Quote WO' successfully

2017-11-07 09:39:06 - [TEST_CASE][PASSED] - Test Cases/Sprint-9/Find Quote WO: Test Cases/Sprint-9/Find Quote WO

2017-11-07 09:39:06 - [TEST_STEP][PASSED] - click: Object: 'Object Repository/Methods_Pooja/Page_The Consulting Portal (TCP) (1)/span_Advanced Search (1)' is clicked on

2017-11-07 09:39:09 - [MESSAGE][PASSED] - Object: 'Object Repository/Methods_Pooja/Page_The Consulting Portal (TCP) (1)/span_Advanced Search (1)' is clicked on

2017-11-07 09:39:09 - [TEST_STEP][PASSED] - selectOptionByValue: All options with value 'Clinic Request' are selected in object 'Object Repository/Methods_Pooja/Page_The Consulting Portal (TCP) (1)/select_PpyWorkPagepSrchCaseTyp'  using regular expression

2017-11-07 09:39:10 - [MESSAGE][PASSED] - All options with value 'Clinic Request' are selected in object 'Object Repository/Methods_Pooja/Page_The Consulting Portal (TCP) (1)/select_PpyWorkPagepSrchCaseTyp'  using regular expression

2017-11-07 09:39:10 - [TEST_STEP][PASSED] - sendKeys: Keys 'ECR-06Nov2017-35' sent to object: 'Object Repository/Methods_Pooja/CaseID'

2017-11-07 09:39:11 - [MESSAGE][PASSED] - Keys 'ECR-06Nov2017-35' sent to object: 'Object Repository/Methods_Pooja/CaseID'

2017-11-07 09:39:11 - [TEST_STEP][PASSED] - selectOptionByValue: All options with value 'Pending-Clinic' are selected in object 'Object Repository/Methods_Pooja/Page_The Consulting Portal (TCP) (1)/select_PpyWorkPagepSrchStatus'  using regular expression

2017-11-07 09:39:11 - [MESSAGE][PASSED] - All options with value 'Pending-Clinic' are selected in object 'Object Repository/Methods_Pooja/Page_The Consulting Portal (TCP) (1)/select_PpyWorkPagepSrchStatus'  using regular expression

2017-11-07 09:39:11 - [TEST_STEP][PASSED] - click: Object: 'Object Repository/Methods_Pooja/Page_The Consulting Portal (TCP) (1)/img_inactvIcon icnHvr' is clicked on

2017-11-07 09:39:11 - [MESSAGE][PASSED] - Object: 'Object Repository/Methods_Pooja/Page_The Consulting Portal (TCP) (1)/img_inactvIcon icnHvr' is clicked on

2017-11-07 09:39:11 - [TEST_STEP][PASSED] - click: Object: 'Object Repository/Methods_Pooja/Page_The Consulting Portal (TCP) (1)/a_1' is clicked on

2017-11-07 09:39:12 - [MESSAGE][PASSED] - Object: 'Object Repository/Methods_Pooja/Page_The Consulting Portal (TCP) (1)/a_1' is clicked on

2017-11-07 09:39:12 - [TEST_STEP][PASSED] - click: Object: 'Object Repository/Methods_Pooja/Page_The Consulting Portal (TCP) (1)/button_Search' is clicked on

2017-11-07 09:39:12 - [MESSAGE][PASSED] - Object: 'Object Repository/Methods_Pooja/Page_The Consulting Portal (TCP) (1)/button_Search' is clicked on

2017-11-07 09:39:12 - [TEST_STEP][PASSED] - doubleClick: Object: 'Object Repository/Methods_Pooja/Page_The Consulting Portal (TCP) (1)/ECRWO' is double clicked on

2017-11-07 09:39:13 - [MESSAGE][PASSED] - Object: 'Object Repository/Methods_Pooja/Page_The Consulting Portal (TCP) (1)/ECRWO' is double clicked on

2017-11-07 09:39:18 - [TEST_STEP][PASSED] - click: Object: 'Object Repository/Methods_Pooja/Actions' is clicked on

2017-11-07 09:39:18 - [MESSAGE][PASSED] - Object: 'Object Repository/Methods_Pooja/Actions' is clicked on

2017-11-07 09:39:18 - [TEST_STEP][PASSED] - takeScreenshot: Taking screenshot successfully

2017-11-07 09:39:18 - [MESSAGE][PASSED] - Taking screenshot successfully
[[ATTACHMENT|C:\\Users\\raycp\\Desktop\\COE\\Reports\\Pooja\\User Story\\20171107_093846\\1510027758244.png]]

2017-11-07 09:39:18 - [MESSAGE][PASSED] - Call Test Case 'Test Cases/Sprint-9/Find Quote WO' successfully

2017-11-07 09:39:18 - [TEST_STEP][PASSED] - delay: Delayed 15 second(s)

2017-11-07 09:39:33 - [MESSAGE][PASSED] - Delayed 15 second(s)

2017-11-07 09:39:33 - [TEST_STEP][PASSED] - closeBrowser: Browser is closed

2017-11-07 09:39:34 - [MESSAGE][PASSED] - Browser is closed

2017-11-07 09:39:34 - [TEST_STEP][PASSED] - com.helper.commonfunct.utilities.login: com.helper.commonfunct.utilities.login is PASSED

2017-11-07 09:39:37 - [MESSAGE][PASSED] - Browser is opened with url: ''

2017-11-07 09:39:39 - [MESSAGE][PASSED] - Navigate to 'http://vtcpqa2:9685/tcpqa/PRServlet' successfully

2017-11-07 09:39:39 - [MESSAGE][PASSED] - Text 'claiw@pegasystems.com' is set on object 'Object Repository/input_UserIdentifier'

2017-11-07 09:39:39 - [MESSAGE][PASSED] - Text 'install' is set on object 'Object Repository/input_Password'

2017-11-07 09:39:47 - [MESSAGE][PASSED] - Keys '' sent to object: 'Object Repository/input_Password'

2017-11-07 09:39:47 - [MESSAGE][PASSED] - com.helper.commonfunct.utilities.login is PASSED

2017-11-07 09:39:47 - [TEST_STEP][PASSED] - maximizeWindow: Current window maximized

2017-11-07 09:39:48 - [MESSAGE][PASSED] - Current window maximized]]></system-out>
         <system-err><![CDATA[]]></system-err>
      </testcase>
      <testcase name="Test Cases/Sprint-9/Find Quote WO" classname="Test Cases/Sprint-9/Find Quote WO" status="FAILED">
         <failure type="FAILED" message="Unable to double click on object 'Object Repository/Methods_Pooja/Page_The Consulting Portal (TCP) (1)/ECRWO' (Root cause: com.kms.katalon.core.webui.exception.WebElementNotFoundException: Web element with id: 'Object Repository/Methods_Pooja/Page_The Consulting Portal (TCP) (1)/ECRWO' located by 'By.xpath: /html/body/div[3]/form/div[3]/div/table/tbody/tr/td/div/div/span/div/span/div[1]/div/span/div/div[3]/div/div/div/div/div/div/div/div/div/div/div/span/div/table/tbody/tr/td/div/div/div[2]/table/tbody/tr/td[2]/div/table/tbody/tr[2]/td[2]/div' not found)"/>
         <system-out><![CDATA[2017-11-07 09:39:48 - [TEST_CASE][FAILED] - Test Cases/Sprint-9/Find Quote WO: Test Cases/Sprint-9/Find Quote WO FAILED because (of) Unable to double click on object 'Object Repository/Methods_Pooja/Page_The Consulting Portal (TCP) (1)/ECRWO' (Root cause: com.kms.katalon.core.webui.exception.WebElementNotFoundException: Web element with id: 'Object Repository/Methods_Pooja/Page_The Consulting Portal (TCP) (1)/ECRWO' located by 'By.xpath: /html/body/div[3]/form/div[3]/div/table/tbody/tr/td/div/div/span/div/span/div[1]/div/span/div/div[3]/div/div/div/div/div/div/div/div/div/div/div/span/div/table/tbody/tr/td/div/div/div[2]/table/tbody/tr/td[2]/div/table/tbody/tr[2]/td[2]/div' not found)

2017-11-07 09:39:48 - [TEST_STEP][PASSED] - click: Object: 'Object Repository/Methods_Pooja/Page_The Consulting Portal (TCP) (1)/span_Advanced Search (1)' is clicked on

2017-11-07 09:39:50 - [MESSAGE][PASSED] - Object: 'Object Repository/Methods_Pooja/Page_The Consulting Portal (TCP) (1)/span_Advanced Search (1)' is clicked on

2017-11-07 09:39:50 - [TEST_STEP][PASSED] - selectOptionByValue: All options with value 'Clinic Request' are selected in object 'Object Repository/Methods_Pooja/Page_The Consulting Portal (TCP) (1)/select_PpyWorkPagepSrchCaseTyp'  using regular expression

2017-11-07 09:39:51 - [MESSAGE][PASSED] - All options with value 'Clinic Request' are selected in object 'Object Repository/Methods_Pooja/Page_The Consulting Portal (TCP) (1)/select_PpyWorkPagepSrchCaseTyp'  using regular expression

2017-11-07 09:39:51 - [TEST_STEP][PASSED] - sendKeys: Keys 'ECR-06Nov2017-35' sent to object: 'Object Repository/Methods_Pooja/CaseID'

2017-11-07 09:39:53 - [MESSAGE][PASSED] - Keys 'ECR-06Nov2017-35' sent to object: 'Object Repository/Methods_Pooja/CaseID'

2017-11-07 09:39:53 - [TEST_STEP][PASSED] - selectOptionByValue: All options with value 'Pending-Clinic' are selected in object 'Object Repository/Methods_Pooja/Page_The Consulting Portal (TCP) (1)/select_PpyWorkPagepSrchStatus'  using regular expression

2017-11-07 09:39:53 - [MESSAGE][PASSED] - All options with value 'Pending-Clinic' are selected in object 'Object Repository/Methods_Pooja/Page_The Consulting Portal (TCP) (1)/select_PpyWorkPagepSrchStatus'  using regular expression

2017-11-07 09:39:53 - [TEST_STEP][PASSED] - click: Object: 'Object Repository/Methods_Pooja/Page_The Consulting Portal (TCP) (1)/img_inactvIcon icnHvr' is clicked on

2017-11-07 09:39:53 - [MESSAGE][PASSED] - Object: 'Object Repository/Methods_Pooja/Page_The Consulting Portal (TCP) (1)/img_inactvIcon icnHvr' is clicked on

2017-11-07 09:39:53 - [TEST_STEP][PASSED] - click: Object: 'Object Repository/Methods_Pooja/Page_The Consulting Portal (TCP) (1)/a_1' is clicked on

2017-11-07 09:39:54 - [MESSAGE][PASSED] - Object: 'Object Repository/Methods_Pooja/Page_The Consulting Portal (TCP) (1)/a_1' is clicked on

2017-11-07 09:39:54 - [TEST_STEP][PASSED] - click: Object: 'Object Repository/Methods_Pooja/Page_The Consulting Portal (TCP) (1)/button_Search' is clicked on

2017-11-07 09:39:54 - [MESSAGE][PASSED] - Object: 'Object Repository/Methods_Pooja/Page_The Consulting Portal (TCP) (1)/button_Search' is clicked on

2017-11-07 09:39:54 - [TEST_STEP][FAILED] - doubleClick: Unable to double click on object 'Object Repository/Methods_Pooja/Page_The Consulting Portal (TCP) (1)/ECRWO' (Root cause: com.kms.katalon.core.webui.exception.WebElementNotFoundException: Web element with id: 'Object Repository/Methods_Pooja/Page_The Consulting Portal (TCP) (1)/ECRWO' located by 'By.xpath: /html/body/div[3]/form/div[3]/div/table/tbody/tr/td/div/div/span/div/span/div[1]/div/span/div/div[3]/div/div/div/div/div/div/div/div/div/div/div/span/div/table/tbody/tr/td/div/div/div[2]/table/tbody/tr/td[2]/div/table/tbody/tr[2]/td[2]/div' not found)

2017-11-07 09:40:26 - [MESSAGE][FAILED] - Unable to double click on object 'Object Repository/Methods_Pooja/Page_The Consulting Portal (TCP) (1)/ECRWO' (Root cause: com.kms.katalon.core.webui.exception.WebElementNotFoundException: Web element with id: 'Object Repository/Methods_Pooja/Page_The Consulting Portal (TCP) (1)/ECRWO' located by 'By.xpath: /html/body/div[3]/form/div[3]/div/table/tbody/tr/td/div/div/span/div/span/div[1]/div/span/div/div[3]/div/div/div/div/div/div/div/div/div/div/div/span/div/table/tbody/tr/td/div/div/div[2]/table/tbody/tr/td[2]/div/table/tbody/tr[2]/td[2]/div' not found)
[[ATTACHMENT|C:\\Users\\raycp\\Desktop\\COE\\Reports\\Pooja\\User Story\\20171107_093846\\1510027825834.png]]]]></system-out>
         <system-err><![CDATA[2017-11-07 09:39:48 - [TEST_CASE][FAILED] - Test Cases/Sprint-9/Find Quote WO: Test Cases/Sprint-9/Find Quote WO FAILED because (of) Unable to double click on object 'Object Repository/Methods_Pooja/Page_The Consulting Portal (TCP) (1)/ECRWO' (Root cause: com.kms.katalon.core.webui.exception.WebElementNotFoundException: Web element with id: 'Object Repository/Methods_Pooja/Page_The Consulting Portal (TCP) (1)/ECRWO' located by 'By.xpath: /html/body/div[3]/form/div[3]/div/table/tbody/tr/td/div/div/span/div/span/div[1]/div/span/div/div[3]/div/div/div/div/div/div/div/div/div/div/div/span/div/table/tbody/tr/td/div/div/div[2]/table/tbody/tr/td[2]/div/table/tbody/tr[2]/td[2]/div' not found)]]></system-err>
      </testcase>
      <system-out><![CDATA[2017-11-07 09:38:47 - [TEST_SUITE][FAILED] - User Story: Test Cases/Sprint-9/Find Quote WO FAILED because (of) Unable to double click on object 'Object Repository/Methods_Pooja/Page_The Consulting Portal (TCP) (1)/ECRWO' (Root cause: com.kms.katalon.core.webui.exception.WebElementNotFoundException: Web element with id: 'Object Repository/Methods_Pooja/Page_The Consulting Portal (TCP) (1)/ECRWO' located by 'By.xpath: /html/body/div[3]/form/div[3]/div/table/tbody/tr/td/div/div/span/div/span/div[1]/div/span/div/div[3]/div/div/div/div/div/div/div/div/div/div/div/span/div/table/tbody/tr/td/div/div/div[2]/table/tbody/tr/td[2]/div/table/tbody/tr[2]/td[2]/div' not found)]]></system-out>
      <system-err><![CDATA[2017-11-07 09:38:47 - [TEST_SUITE][FAILED] - User Story: Test Cases/Sprint-9/Find Quote WO FAILED because (of) Unable to double click on object 'Object Repository/Methods_Pooja/Page_The Consulting Portal (TCP) (1)/ECRWO' (Root cause: com.kms.katalon.core.webui.exception.WebElementNotFoundException: Web element with id: 'Object Repository/Methods_Pooja/Page_The Consulting Portal (TCP) (1)/ECRWO' located by 'By.xpath: /html/body/div[3]/form/div[3]/div/table/tbody/tr/td/div/div/span/div/span/div[1]/div/span/div/div[3]/div/div/div/div/div/div/div/div/div/div/div/span/div/table/tbody/tr/td/div/div/div[2]/table/tbody/tr/td[2]/div/table/tbody/tr[2]/td[2]/div' not found)]]></system-err>
   </testsuite>
</testsuites>
