<?xml version="1.0" encoding="UTF-8"?>
<testsuites name="User Story" time="78" tests="1" failures="0" errors="0">
   <testsuite name="User Story" tests="1" failures="0" errors="0" time="78" timestamp="2017-11-07 09:47:40" hostname="raycp - L23017WIN.rpega.com" id="Test Suites/Pooja/User Story">
      <properties>
         <property name="deviceName" value=""/>
         <property name="devicePlatform" value=""/>
         <property name="logFolder" value="C:\\Users\\raycp\\Desktop\\COE\\Reports\\Pooja\\User Story\\20171107_094738"/>
         <property name="logFiles" value="C:\\Users\\raycp\\Desktop\\COE\\Reports\\Pooja\\User Story\\20171107_094738\\execution0.log"/>
         <property name="attachments" value="C:\\Users\\raycp\\Desktop\\COE\\Reports\\Pooja\\User Story\\20171107_094738\\1510028289645.png, C:\\Users\\raycp\\Desktop\\COE\\Reports\\Pooja\\User Story\\20171107_094738\\1510028337224.png"/>
         <property name="hostName" value="raycp - L23017WIN.rpega.com"/>
         <property name="os" value="Windows 10 32bit"/>
         <property name="katalonVersion" value="4.8.0.2"/>
         <property name="browser" value="Chrome 61.0.3163.100"/>
         <property name="hostAddress" value="10.150.113.10"/>
         <property name="sessionId" value="d29cf78b9fa0508b1686eea43766f3ba"/>
         <property name="seleniumVersion" value="2.53.0"/>
         <property name="proxyInformation" value="ProxyInformation{proxyOption=NO_PROXY, proxyServerType=HTTP, password=, proxyServerAddress=, proxyServerPort=0}"/>
         <property name="platform" value="Windows 10"/>
      </properties>
      <testcase name="Test Cases/Sprint-9/US-193833" classname="Test Cases/Sprint-9/US-193833" status="PASSED">
         <system-out><![CDATA[2017-11-07 09:47:41 - [TEST_CASE][PASSED] - Test Cases/Sprint-9/US-193833: Test Cases/Sprint-9/US-193833

2017-11-07 09:47:42 - [TEST_STEP][PASSED] - callTestCase: Call Test Case 'Test Cases/ECR/Login_Pooja' successfully

2017-11-07 09:47:42 - [TEST_CASE][PASSED] - Test Cases/ECR/Login_Pooja: Test Cases/ECR/Login_Pooja

2017-11-07 09:47:42 - [TEST_STEP][PASSED] - openBrowser: Browser is opened with url: ''

2017-11-07 09:47:45 - [MESSAGE][PASSED] - Browser is opened with url: ''

2017-11-07 09:47:45 - [TEST_STEP][PASSED] - navigateToUrl: Navigate to 'http://vtcpqa2:9685/tcpqa/PRServlet/beEBp4uRVTogorRwSwWqbOtn9IL2fwdI*/!STANDARD?pzPostData=2056462535' successfully

2017-11-07 09:47:47 - [MESSAGE][PASSED] - Navigate to 'http://vtcpqa2:9685/tcpqa/PRServlet/beEBp4uRVTogorRwSwWqbOtn9IL2fwdI*/!STANDARD?pzPostData=2056462535' successfully

2017-11-07 09:47:47 - [TEST_STEP][PASSED] - setText: Text 'langr1@pegasystems.com' is set on object 'Object Repository/Methods_Pooja/Page_Pega 7/input_UserIdentifier'

2017-11-07 09:47:48 - [MESSAGE][PASSED] - Text 'langr1@pegasystems.com' is set on object 'Object Repository/Methods_Pooja/Page_Pega 7/input_UserIdentifier'

2017-11-07 09:47:48 - [TEST_STEP][PASSED] - setText: Text 'install' is set on object 'Object Repository/Methods_Pooja/Page_Pega 7/input_Password'

2017-11-07 09:47:48 - [MESSAGE][PASSED] - Text 'install' is set on object 'Object Repository/Methods_Pooja/Page_Pega 7/input_Password'

2017-11-07 09:47:48 - [TEST_STEP][PASSED] - click: Object: 'Object Repository/Methods_Pooja/Page_Pega 7/button_pyActivityCode-Security' is clicked on

2017-11-07 09:47:55 - [MESSAGE][PASSED] - Object: 'Object Repository/Methods_Pooja/Page_Pega 7/button_pyActivityCode-Security' is clicked on

2017-11-07 09:47:55 - [TEST_STEP][PASSED] - maximizeWindow: Current window maximized

2017-11-07 09:47:56 - [MESSAGE][PASSED] - Current window maximized

2017-11-07 09:47:56 - [MESSAGE][PASSED] - Call Test Case 'Test Cases/ECR/Login_Pooja' successfully

2017-11-07 09:47:56 - [TEST_STEP][PASSED] - callTestCase: Call Test Case 'Test Cases/Sprint-9/Find Quote WO' successfully

2017-11-07 09:47:57 - [TEST_CASE][PASSED] - Test Cases/Sprint-9/Find Quote WO: Test Cases/Sprint-9/Find Quote WO

2017-11-07 09:47:57 - [TEST_STEP][PASSED] - click: Object: 'Object Repository/Methods_Pooja/Page_The Consulting Portal (TCP) (1)/span_Advanced Search (1)' is clicked on

2017-11-07 09:47:59 - [MESSAGE][PASSED] - Object: 'Object Repository/Methods_Pooja/Page_The Consulting Portal (TCP) (1)/span_Advanced Search (1)' is clicked on

2017-11-07 09:47:59 - [TEST_STEP][PASSED] - selectOptionByValue: All options with value 'Clinic Request' are selected in object 'Object Repository/Methods_Pooja/Page_The Consulting Portal (TCP) (1)/select_PpyWorkPagepSrchCaseTyp'  using regular expression

2017-11-07 09:48:00 - [MESSAGE][PASSED] - All options with value 'Clinic Request' are selected in object 'Object Repository/Methods_Pooja/Page_The Consulting Portal (TCP) (1)/select_PpyWorkPagepSrchCaseTyp'  using regular expression

2017-11-07 09:48:00 - [TEST_STEP][PASSED] - sendKeys: Keys 'ECR-06Nov2017-35' sent to object: 'Object Repository/Methods_Pooja/CaseID'

2017-11-07 09:48:01 - [MESSAGE][PASSED] - Keys 'ECR-06Nov2017-35' sent to object: 'Object Repository/Methods_Pooja/CaseID'

2017-11-07 09:48:01 - [TEST_STEP][PASSED] - selectOptionByValue: All options with value 'Pending-Clinic' are selected in object 'Object Repository/Methods_Pooja/Page_The Consulting Portal (TCP) (1)/select_PpyWorkPagepSrchStatus'  using regular expression

2017-11-07 09:48:02 - [MESSAGE][PASSED] - All options with value 'Pending-Clinic' are selected in object 'Object Repository/Methods_Pooja/Page_The Consulting Portal (TCP) (1)/select_PpyWorkPagepSrchStatus'  using regular expression

2017-11-07 09:48:02 - [TEST_STEP][PASSED] - click: Object: 'Object Repository/Methods_Pooja/Page_The Consulting Portal (TCP) (1)/img_inactvIcon icnHvr' is clicked on

2017-11-07 09:48:03 - [MESSAGE][PASSED] - Object: 'Object Repository/Methods_Pooja/Page_The Consulting Portal (TCP) (1)/img_inactvIcon icnHvr' is clicked on

2017-11-07 09:48:03 - [TEST_STEP][PASSED] - click: Object: 'Object Repository/Methods_Pooja/Page_The Consulting Portal (TCP) (1)/a_1' is clicked on

2017-11-07 09:48:03 - [MESSAGE][PASSED] - Object: 'Object Repository/Methods_Pooja/Page_The Consulting Portal (TCP) (1)/a_1' is clicked on

2017-11-07 09:48:03 - [TEST_STEP][PASSED] - click: Object: 'Object Repository/Methods_Pooja/Page_The Consulting Portal (TCP) (1)/button_Search' is clicked on

2017-11-07 09:48:04 - [MESSAGE][PASSED] - Object: 'Object Repository/Methods_Pooja/Page_The Consulting Portal (TCP) (1)/button_Search' is clicked on

2017-11-07 09:48:04 - [TEST_STEP][PASSED] - doubleClick: Object: 'Object Repository/Methods_Pooja/Page_The Consulting Portal (TCP) (1)/ECRWO' is double clicked on

2017-11-07 09:48:05 - [MESSAGE][PASSED] - Object: 'Object Repository/Methods_Pooja/Page_The Consulting Portal (TCP) (1)/ECRWO' is double clicked on

2017-11-07 09:48:09 - [TEST_STEP][PASSED] - click: Object: 'Object Repository/Methods_Pooja/Actions' is clicked on

2017-11-07 09:48:09 - [MESSAGE][PASSED] - Object: 'Object Repository/Methods_Pooja/Actions' is clicked on

2017-11-07 09:48:09 - [TEST_STEP][PASSED] - takeScreenshot: Taking screenshot successfully

2017-11-07 09:48:10 - [MESSAGE][PASSED] - Taking screenshot successfully
[[ATTACHMENT|C:\\Users\\raycp\\Desktop\\COE\\Reports\\Pooja\\User Story\\20171107_094738\\1510028289645.png]]

2017-11-07 09:48:10 - [MESSAGE][PASSED] - Call Test Case 'Test Cases/Sprint-9/Find Quote WO' successfully

2017-11-07 09:48:10 - [TEST_STEP][PASSED] - delay: Delayed 15 second(s)

2017-11-07 09:48:25 - [MESSAGE][PASSED] - Delayed 15 second(s)

2017-11-07 09:48:25 - [TEST_STEP][PASSED] - closeBrowser: Browser is closed

2017-11-07 09:48:26 - [MESSAGE][PASSED] - Browser is closed

2017-11-07 09:48:26 - [TEST_STEP][PASSED] - com.helper.commonfunct.utilities.login: com.helper.commonfunct.utilities.login is PASSED

2017-11-07 09:48:28 - [MESSAGE][PASSED] - Browser is opened with url: ''

2017-11-07 09:48:30 - [MESSAGE][PASSED] - Navigate to 'http://vtcpqa2:9685/tcpqa/PRServlet' successfully

2017-11-07 09:48:31 - [MESSAGE][PASSED] - Text 'claiw@pegasystems.com' is set on object 'Object Repository/input_UserIdentifier'

2017-11-07 09:48:31 - [MESSAGE][PASSED] - Text 'install' is set on object 'Object Repository/input_Password'

2017-11-07 09:48:41 - [MESSAGE][PASSED] - Keys '' sent to object: 'Object Repository/input_Password'

2017-11-07 09:48:41 - [MESSAGE][PASSED] - com.helper.commonfunct.utilities.login is PASSED

2017-11-07 09:48:41 - [TEST_STEP][PASSED] - maximizeWindow: Current window maximized

2017-11-07 09:48:42 - [MESSAGE][PASSED] - Current window maximized

2017-11-07 09:48:42 - [TEST_STEP][PASSED] - callTestCase: Call Test Case 'Test Cases/Sprint-9/Find Quote WO' successfully

2017-11-07 09:48:42 - [TEST_CASE][PASSED] - Test Cases/Sprint-9/Find Quote WO: Test Cases/Sprint-9/Find Quote WO

2017-11-07 09:48:42 - [TEST_STEP][PASSED] - click: Object: 'Object Repository/Methods_Pooja/Page_The Consulting Portal (TCP) (1)/span_Advanced Search (1)' is clicked on

2017-11-07 09:48:45 - [MESSAGE][PASSED] - Object: 'Object Repository/Methods_Pooja/Page_The Consulting Portal (TCP) (1)/span_Advanced Search (1)' is clicked on

2017-11-07 09:48:45 - [TEST_STEP][PASSED] - selectOptionByValue: All options with value 'Clinic Request' are selected in object 'Object Repository/Methods_Pooja/Page_The Consulting Portal (TCP) (1)/select_PpyWorkPagepSrchCaseTyp'  using regular expression

2017-11-07 09:48:46 - [MESSAGE][PASSED] - All options with value 'Clinic Request' are selected in object 'Object Repository/Methods_Pooja/Page_The Consulting Portal (TCP) (1)/select_PpyWorkPagepSrchCaseTyp'  using regular expression

2017-11-07 09:48:46 - [TEST_STEP][PASSED] - sendKeys: Keys 'ECR-06Nov2017-35' sent to object: 'Object Repository/Methods_Pooja/CaseID'

2017-11-07 09:48:47 - [MESSAGE][PASSED] - Keys 'ECR-06Nov2017-35' sent to object: 'Object Repository/Methods_Pooja/CaseID'

2017-11-07 09:48:47 - [TEST_STEP][PASSED] - selectOptionByValue: All options with value 'Pending-Clinic' are selected in object 'Object Repository/Methods_Pooja/Page_The Consulting Portal (TCP) (1)/select_PpyWorkPagepSrchStatus'  using regular expression

2017-11-07 09:48:48 - [MESSAGE][PASSED] - All options with value 'Pending-Clinic' are selected in object 'Object Repository/Methods_Pooja/Page_The Consulting Portal (TCP) (1)/select_PpyWorkPagepSrchStatus'  using regular expression

2017-11-07 09:48:48 - [TEST_STEP][PASSED] - click: Object: 'Object Repository/Methods_Pooja/Page_The Consulting Portal (TCP) (1)/img_inactvIcon icnHvr' is clicked on

2017-11-07 09:48:49 - [MESSAGE][PASSED] - Object: 'Object Repository/Methods_Pooja/Page_The Consulting Portal (TCP) (1)/img_inactvIcon icnHvr' is clicked on

2017-11-07 09:48:49 - [TEST_STEP][PASSED] - click: Object: 'Object Repository/Methods_Pooja/Page_The Consulting Portal (TCP) (1)/a_1' is clicked on

2017-11-07 09:48:50 - [MESSAGE][PASSED] - Object: 'Object Repository/Methods_Pooja/Page_The Consulting Portal (TCP) (1)/a_1' is clicked on

2017-11-07 09:48:50 - [TEST_STEP][PASSED] - click: Object: 'Object Repository/Methods_Pooja/Page_The Consulting Portal (TCP) (1)/button_Search' is clicked on

2017-11-07 09:48:50 - [MESSAGE][PASSED] - Object: 'Object Repository/Methods_Pooja/Page_The Consulting Portal (TCP) (1)/button_Search' is clicked on

2017-11-07 09:48:50 - [TEST_STEP][PASSED] - doubleClick: Object: 'Object Repository/Methods_Pooja/Page_The Consulting Portal (TCP) (1)/ECRWO' is double clicked on

2017-11-07 09:48:51 - [MESSAGE][PASSED] - Object: 'Object Repository/Methods_Pooja/Page_The Consulting Portal (TCP) (1)/ECRWO' is double clicked on

2017-11-07 09:48:56 - [TEST_STEP][PASSED] - click: Object: 'Object Repository/Methods_Pooja/Actions' is clicked on

2017-11-07 09:48:57 - [MESSAGE][PASSED] - Object: 'Object Repository/Methods_Pooja/Actions' is clicked on

2017-11-07 09:48:57 - [TEST_STEP][PASSED] - takeScreenshot: Taking screenshot successfully

2017-11-07 09:48:57 - [MESSAGE][PASSED] - Taking screenshot successfully
[[ATTACHMENT|C:\\Users\\raycp\\Desktop\\COE\\Reports\\Pooja\\User Story\\20171107_094738\\1510028337224.png]]

2017-11-07 09:48:57 - [MESSAGE][PASSED] - Call Test Case 'Test Cases/Sprint-9/Find Quote WO' successfully]]></system-out>
         <system-err><![CDATA[]]></system-err>
      </testcase>
      <system-out><![CDATA[2017-11-07 09:47:40 - [TEST_SUITE][PASSED] - User Story: Test Cases/Sprint-9/US-193833]]></system-out>
      <system-err><![CDATA[]]></system-err>
   </testsuite>
</testsuites>
