<?xml version="1.0" encoding="UTF-8"?>
<testsuites name="User Story" time="95" tests="0" failures="1" errors="0">
   <testsuite name="User Story" tests="0" failures="1" errors="0" time="95" timestamp="2017-11-07 09:42:33" hostname="raycp - L23017WIN.rpega.com" id="Test Suites/Pooja/User Story">
      <properties>
         <property name="deviceName" value=""/>
         <property name="devicePlatform" value=""/>
         <property name="logFolder" value="C:\\Users\\raycp\\Desktop\\COE\\Reports\\Pooja\\User Story\\20171107_094231"/>
         <property name="logFiles" value="C:\\Users\\raycp\\Desktop\\COE\\Reports\\Pooja\\User Story\\20171107_094231\\execution0.log"/>
         <property name="attachments" value="C:\\Users\\raycp\\Desktop\\COE\\Reports\\Pooja\\User Story\\20171107_094231\\1510027979043.png, C:\\Users\\raycp\\Desktop\\COE\\Reports\\Pooja\\User Story\\20171107_094231\\1510028047266.png"/>
         <property name="hostName" value="raycp - L23017WIN.rpega.com"/>
         <property name="os" value="Windows 10 32bit"/>
         <property name="katalonVersion" value="4.8.0.2"/>
         <property name="browser" value="Chrome 61.0.3163.100"/>
         <property name="hostAddress" value="10.150.113.10"/>
         <property name="sessionId" value="9744ae408f82fe0c85c83815b1aa1134"/>
         <property name="seleniumVersion" value="2.53.0"/>
         <property name="proxyInformation" value="ProxyInformation{proxyOption=NO_PROXY, proxyServerType=HTTP, password=, proxyServerAddress=, proxyServerPort=0}"/>
         <property name="platform" value="Windows 10"/>
      </properties>
      <testcase name="Test Cases/Sprint-9/US-193833" classname="Test Cases/Sprint-9/US-193833" status="FAILED">
         <failure type="FAILED" message="Unable to click on object 'Object Repository/Methods_Pooja/Actions' (Root cause: com.kms.katalon.core.webui.exception.WebElementNotFoundException: Web element with id: 'Object Repository/Methods_Pooja/Page_The Consulting Portal (TCP) (2)/iframe_PegaGadget2Ifr' located by 'By.xpath: //*[@name = 'PegaGadget2Ifr'][count(. | //*[@id = 'PegaGadget2Ifr']) = count(//*[@id = 'PegaGadget2Ifr'])]' not found)"/>
         <system-out><![CDATA[2017-11-07 09:42:33 - [TEST_CASE][FAILED] - Test Cases/Sprint-9/US-193833: Test Cases/Sprint-9/US-193833 FAILED because (of) Unable to click on object 'Object Repository/Methods_Pooja/Actions' (Root cause: com.kms.katalon.core.webui.exception.WebElementNotFoundException: Web element with id: 'Object Repository/Methods_Pooja/Page_The Consulting Portal (TCP) (2)/iframe_PegaGadget2Ifr' located by 'By.xpath: //*[@name = 'PegaGadget2Ifr'][count(. | //*[@id = 'PegaGadget2Ifr']) = count(//*[@id = 'PegaGadget2Ifr'])]' not found)

2017-11-07 09:42:33 - [TEST_STEP][PASSED] - callTestCase: Call Test Case 'Test Cases/ECR/Login_Pooja' successfully

2017-11-07 09:42:34 - [TEST_CASE][PASSED] - Test Cases/ECR/Login_Pooja: Test Cases/ECR/Login_Pooja

2017-11-07 09:42:34 - [TEST_STEP][PASSED] - openBrowser: Browser is opened with url: ''

2017-11-07 09:42:37 - [MESSAGE][PASSED] - Browser is opened with url: ''

2017-11-07 09:42:37 - [TEST_STEP][PASSED] - navigateToUrl: Navigate to 'http://vtcpqa2:9685/tcpqa/PRServlet/beEBp4uRVTogorRwSwWqbOtn9IL2fwdI*/!STANDARD?pzPostData=2056462535' successfully

2017-11-07 09:42:38 - [MESSAGE][PASSED] - Navigate to 'http://vtcpqa2:9685/tcpqa/PRServlet/beEBp4uRVTogorRwSwWqbOtn9IL2fwdI*/!STANDARD?pzPostData=2056462535' successfully

2017-11-07 09:42:38 - [TEST_STEP][PASSED] - setText: Text 'langr1@pegasystems.com' is set on object 'Object Repository/Methods_Pooja/Page_Pega 7/input_UserIdentifier'

2017-11-07 09:42:39 - [MESSAGE][PASSED] - Text 'langr1@pegasystems.com' is set on object 'Object Repository/Methods_Pooja/Page_Pega 7/input_UserIdentifier'

2017-11-07 09:42:39 - [TEST_STEP][PASSED] - setText: Text 'install' is set on object 'Object Repository/Methods_Pooja/Page_Pega 7/input_Password'

2017-11-07 09:42:39 - [MESSAGE][PASSED] - Text 'install' is set on object 'Object Repository/Methods_Pooja/Page_Pega 7/input_Password'

2017-11-07 09:42:39 - [TEST_STEP][PASSED] - click: Object: 'Object Repository/Methods_Pooja/Page_Pega 7/button_pyActivityCode-Security' is clicked on

2017-11-07 09:42:47 - [MESSAGE][PASSED] - Object: 'Object Repository/Methods_Pooja/Page_Pega 7/button_pyActivityCode-Security' is clicked on

2017-11-07 09:42:47 - [TEST_STEP][PASSED] - maximizeWindow: Current window maximized

2017-11-07 09:42:48 - [MESSAGE][PASSED] - Current window maximized

2017-11-07 09:42:48 - [MESSAGE][PASSED] - Call Test Case 'Test Cases/ECR/Login_Pooja' successfully

2017-11-07 09:42:48 - [TEST_STEP][PASSED] - callTestCase: Call Test Case 'Test Cases/Sprint-9/Find Quote WO' successfully

2017-11-07 09:42:48 - [TEST_CASE][PASSED] - Test Cases/Sprint-9/Find Quote WO: Test Cases/Sprint-9/Find Quote WO

2017-11-07 09:42:49 - [TEST_STEP][PASSED] - click: Object: 'Object Repository/Methods_Pooja/Page_The Consulting Portal (TCP) (1)/span_Advanced Search (1)' is clicked on

2017-11-07 09:42:51 - [MESSAGE][PASSED] - Object: 'Object Repository/Methods_Pooja/Page_The Consulting Portal (TCP) (1)/span_Advanced Search (1)' is clicked on

2017-11-07 09:42:51 - [TEST_STEP][PASSED] - selectOptionByValue: All options with value 'Clinic Request' are selected in object 'Object Repository/Methods_Pooja/Page_The Consulting Portal (TCP) (1)/select_PpyWorkPagepSrchCaseTyp'  using regular expression

2017-11-07 09:42:52 - [MESSAGE][PASSED] - All options with value 'Clinic Request' are selected in object 'Object Repository/Methods_Pooja/Page_The Consulting Portal (TCP) (1)/select_PpyWorkPagepSrchCaseTyp'  using regular expression

2017-11-07 09:42:52 - [TEST_STEP][PASSED] - sendKeys: Keys 'ECR-06Nov2017-35' sent to object: 'Object Repository/Methods_Pooja/CaseID'

2017-11-07 09:42:53 - [MESSAGE][PASSED] - Keys 'ECR-06Nov2017-35' sent to object: 'Object Repository/Methods_Pooja/CaseID'

2017-11-07 09:42:53 - [TEST_STEP][PASSED] - selectOptionByValue: All options with value 'Pending-Clinic' are selected in object 'Object Repository/Methods_Pooja/Page_The Consulting Portal (TCP) (1)/select_PpyWorkPagepSrchStatus'  using regular expression

2017-11-07 09:42:53 - [MESSAGE][PASSED] - All options with value 'Pending-Clinic' are selected in object 'Object Repository/Methods_Pooja/Page_The Consulting Portal (TCP) (1)/select_PpyWorkPagepSrchStatus'  using regular expression

2017-11-07 09:42:53 - [TEST_STEP][PASSED] - click: Object: 'Object Repository/Methods_Pooja/Page_The Consulting Portal (TCP) (1)/img_inactvIcon icnHvr' is clicked on

2017-11-07 09:42:53 - [MESSAGE][PASSED] - Object: 'Object Repository/Methods_Pooja/Page_The Consulting Portal (TCP) (1)/img_inactvIcon icnHvr' is clicked on

2017-11-07 09:42:53 - [TEST_STEP][PASSED] - click: Object: 'Object Repository/Methods_Pooja/Page_The Consulting Portal (TCP) (1)/a_1' is clicked on

2017-11-07 09:42:54 - [MESSAGE][PASSED] - Object: 'Object Repository/Methods_Pooja/Page_The Consulting Portal (TCP) (1)/a_1' is clicked on

2017-11-07 09:42:54 - [TEST_STEP][PASSED] - click: Object: 'Object Repository/Methods_Pooja/Page_The Consulting Portal (TCP) (1)/button_Search' is clicked on

2017-11-07 09:42:54 - [MESSAGE][PASSED] - Object: 'Object Repository/Methods_Pooja/Page_The Consulting Portal (TCP) (1)/button_Search' is clicked on

2017-11-07 09:42:54 - [TEST_STEP][PASSED] - doubleClick: Object: 'Object Repository/Methods_Pooja/Page_The Consulting Portal (TCP) (1)/ECRWO' is double clicked on

2017-11-07 09:42:55 - [MESSAGE][PASSED] - Object: 'Object Repository/Methods_Pooja/Page_The Consulting Portal (TCP) (1)/ECRWO' is double clicked on

2017-11-07 09:42:58 - [TEST_STEP][PASSED] - click: Object: 'Object Repository/Methods_Pooja/Actions' is clicked on

2017-11-07 09:42:58 - [MESSAGE][PASSED] - Object: 'Object Repository/Methods_Pooja/Actions' is clicked on

2017-11-07 09:42:59 - [TEST_STEP][PASSED] - takeScreenshot: Taking screenshot successfully

2017-11-07 09:42:59 - [MESSAGE][PASSED] - Taking screenshot successfully
[[ATTACHMENT|C:\\Users\\raycp\\Desktop\\COE\\Reports\\Pooja\\User Story\\20171107_094231\\1510027979043.png]]

2017-11-07 09:42:59 - [MESSAGE][PASSED] - Call Test Case 'Test Cases/Sprint-9/Find Quote WO' successfully

2017-11-07 09:42:59 - [TEST_STEP][PASSED] - delay: Delayed 15 second(s)

2017-11-07 09:43:14 - [MESSAGE][PASSED] - Delayed 15 second(s)

2017-11-07 09:43:14 - [TEST_STEP][PASSED] - closeBrowser: Browser is closed

2017-11-07 09:43:15 - [MESSAGE][PASSED] - Browser is closed

2017-11-07 09:43:15 - [TEST_STEP][PASSED] - com.helper.commonfunct.utilities.login: com.helper.commonfunct.utilities.login is PASSED

2017-11-07 09:43:17 - [MESSAGE][PASSED] - Browser is opened with url: ''

2017-11-07 09:43:19 - [MESSAGE][PASSED] - Navigate to 'http://vtcpqa2:9685/tcpqa/PRServlet' successfully

2017-11-07 09:43:20 - [MESSAGE][PASSED] - Text 'claiw@pegasystems.com' is set on object 'Object Repository/input_UserIdentifier'

2017-11-07 09:43:20 - [MESSAGE][PASSED] - Text 'install' is set on object 'Object Repository/input_Password'

2017-11-07 09:43:27 - [MESSAGE][PASSED] - Keys '' sent to object: 'Object Repository/input_Password'

2017-11-07 09:43:27 - [MESSAGE][PASSED] - com.helper.commonfunct.utilities.login is PASSED

2017-11-07 09:43:27 - [TEST_STEP][PASSED] - maximizeWindow: Current window maximized

2017-11-07 09:43:28 - [MESSAGE][PASSED] - Current window maximized

2017-11-07 09:43:28 - [TEST_STEP][FAILED] - callTestCase: Unable to call Test Case with id 'Test Cases/Sprint-9/Find Quote WO' (Root cause: Call Test Case 'Test Cases/Sprint-9/Find Quote WO' failed)

2017-11-07 09:43:28 - [TEST_CASE][FAILED] - Test Cases/Sprint-9/Find Quote WO: Test Cases/Sprint-9/Find Quote WO FAILED because (of) Unable to click on object 'Object Repository/Methods_Pooja/Actions' (Root cause: com.kms.katalon.core.webui.exception.WebElementNotFoundException: Web element with id: 'Object Repository/Methods_Pooja/Page_The Consulting Portal (TCP) (2)/iframe_PegaGadget2Ifr' located by 'By.xpath: //*[@name = 'PegaGadget2Ifr'][count(. | //*[@id = 'PegaGadget2Ifr']) = count(//*[@id = 'PegaGadget2Ifr'])]' not found)

2017-11-07 09:43:28 - [TEST_STEP][PASSED] - click: Object: 'Object Repository/Methods_Pooja/Page_The Consulting Portal (TCP) (1)/span_Advanced Search (1)' is clicked on

2017-11-07 09:43:31 - [MESSAGE][PASSED] - Object: 'Object Repository/Methods_Pooja/Page_The Consulting Portal (TCP) (1)/span_Advanced Search (1)' is clicked on

2017-11-07 09:43:31 - [TEST_STEP][PASSED] - selectOptionByValue: All options with value 'Clinic Request' are selected in object 'Object Repository/Methods_Pooja/Page_The Consulting Portal (TCP) (1)/select_PpyWorkPagepSrchCaseTyp'  using regular expression

2017-11-07 09:43:32 - [MESSAGE][PASSED] - All options with value 'Clinic Request' are selected in object 'Object Repository/Methods_Pooja/Page_The Consulting Portal (TCP) (1)/select_PpyWorkPagepSrchCaseTyp'  using regular expression

2017-11-07 09:43:32 - [TEST_STEP][PASSED] - sendKeys: Keys 'ECR-06Nov2017-35' sent to object: 'Object Repository/Methods_Pooja/CaseID'

2017-11-07 09:43:33 - [MESSAGE][PASSED] - Keys 'ECR-06Nov2017-35' sent to object: 'Object Repository/Methods_Pooja/CaseID'

2017-11-07 09:43:33 - [TEST_STEP][PASSED] - selectOptionByValue: All options with value 'Pending-Clinic' are selected in object 'Object Repository/Methods_Pooja/Page_The Consulting Portal (TCP) (1)/select_PpyWorkPagepSrchStatus'  using regular expression

2017-11-07 09:43:34 - [MESSAGE][PASSED] - All options with value 'Pending-Clinic' are selected in object 'Object Repository/Methods_Pooja/Page_The Consulting Portal (TCP) (1)/select_PpyWorkPagepSrchStatus'  using regular expression

2017-11-07 09:43:34 - [TEST_STEP][PASSED] - click: Object: 'Object Repository/Methods_Pooja/Page_The Consulting Portal (TCP) (1)/img_inactvIcon icnHvr' is clicked on

2017-11-07 09:43:34 - [MESSAGE][PASSED] - Object: 'Object Repository/Methods_Pooja/Page_The Consulting Portal (TCP) (1)/img_inactvIcon icnHvr' is clicked on

2017-11-07 09:43:34 - [TEST_STEP][PASSED] - click: Object: 'Object Repository/Methods_Pooja/Page_The Consulting Portal (TCP) (1)/a_1' is clicked on

2017-11-07 09:43:34 - [MESSAGE][PASSED] - Object: 'Object Repository/Methods_Pooja/Page_The Consulting Portal (TCP) (1)/a_1' is clicked on

2017-11-07 09:43:34 - [TEST_STEP][PASSED] - click: Object: 'Object Repository/Methods_Pooja/Page_The Consulting Portal (TCP) (1)/button_Search' is clicked on

2017-11-07 09:43:35 - [MESSAGE][PASSED] - Object: 'Object Repository/Methods_Pooja/Page_The Consulting Portal (TCP) (1)/button_Search' is clicked on

2017-11-07 09:43:35 - [TEST_STEP][PASSED] - doubleClick: Object: 'Object Repository/Methods_Pooja/Page_The Consulting Portal (TCP) (1)/ECRWO' is double clicked on

2017-11-07 09:43:35 - [MESSAGE][PASSED] - Object: 'Object Repository/Methods_Pooja/Page_The Consulting Portal (TCP) (1)/ECRWO' is double clicked on

2017-11-07 09:43:35 - [TEST_STEP][FAILED] - click: Unable to click on object 'Object Repository/Methods_Pooja/Actions' (Root cause: com.kms.katalon.core.webui.exception.WebElementNotFoundException: Web element with id: 'Object Repository/Methods_Pooja/Page_The Consulting Portal (TCP) (2)/iframe_PegaGadget2Ifr' located by 'By.xpath: //*[@name = 'PegaGadget2Ifr'][count(. | //*[@id = 'PegaGadget2Ifr']) = count(//*[@id = 'PegaGadget2Ifr'])]' not found)

2017-11-07 09:44:07 - [MESSAGE][FAILED] - Unable to click on object 'Object Repository/Methods_Pooja/Actions' (Root cause: com.kms.katalon.core.webui.exception.WebElementNotFoundException: Web element with id: 'Object Repository/Methods_Pooja/Page_The Consulting Portal (TCP) (2)/iframe_PegaGadget2Ifr' located by 'By.xpath: //*[@name = 'PegaGadget2Ifr'][count(. | //*[@id = 'PegaGadget2Ifr']) = count(//*[@id = 'PegaGadget2Ifr'])]' not found)
[[ATTACHMENT|C:\\Users\\raycp\\Desktop\\COE\\Reports\\Pooja\\User Story\\20171107_094231\\1510028047266.png]]

2017-11-07 09:44:07 - [MESSAGE][FAILED] - Unable to call Test Case with id 'Test Cases/Sprint-9/Find Quote WO' (Root cause: Call Test Case 'Test Cases/Sprint-9/Find Quote WO' failed)]]></system-out>
         <system-err><![CDATA[2017-11-07 09:42:33 - [TEST_CASE][FAILED] - Test Cases/Sprint-9/US-193833: Test Cases/Sprint-9/US-193833 FAILED because (of) Unable to click on object 'Object Repository/Methods_Pooja/Actions' (Root cause: com.kms.katalon.core.webui.exception.WebElementNotFoundException: Web element with id: 'Object Repository/Methods_Pooja/Page_The Consulting Portal (TCP) (2)/iframe_PegaGadget2Ifr' located by 'By.xpath: //*[@name = 'PegaGadget2Ifr'][count(. | //*[@id = 'PegaGadget2Ifr']) = count(//*[@id = 'PegaGadget2Ifr'])]' not found)]]></system-err>
      </testcase>
      <system-out><![CDATA[2017-11-07 09:42:33 - [TEST_SUITE][FAILED] - User Story: Test Cases/Sprint-9/US-193833 FAILED because (of) Unable to click on object 'Object Repository/Methods_Pooja/Actions' (Root cause: com.kms.katalon.core.webui.exception.WebElementNotFoundException: Web element with id: 'Object Repository/Methods_Pooja/Page_The Consulting Portal (TCP) (2)/iframe_PegaGadget2Ifr' located by 'By.xpath: //*[@name = 'PegaGadget2Ifr'][count(. | //*[@id = 'PegaGadget2Ifr']) = count(//*[@id = 'PegaGadget2Ifr'])]' not found)]]></system-out>
      <system-err><![CDATA[2017-11-07 09:42:33 - [TEST_SUITE][FAILED] - User Story: Test Cases/Sprint-9/US-193833 FAILED because (of) Unable to click on object 'Object Repository/Methods_Pooja/Actions' (Root cause: com.kms.katalon.core.webui.exception.WebElementNotFoundException: Web element with id: 'Object Repository/Methods_Pooja/Page_The Consulting Portal (TCP) (2)/iframe_PegaGadget2Ifr' located by 'By.xpath: //*[@name = 'PegaGadget2Ifr'][count(. | //*[@id = 'PegaGadget2Ifr']) = count(//*[@id = 'PegaGadget2Ifr'])]' not found)]]></system-err>
   </testsuite>
</testsuites>
