<?xml version="1.0" encoding="UTF-8"?>
<testsuites name="GoLive" time="0" tests="0" failures="1" errors="0">
   <testsuite name="GoLive" tests="0" failures="1" errors="0" time="0" timestamp="2017-11-27 14:24:19" hostname="raycp - L23017WIN.rpega.com" id="Test Suites/Pooja/GoLive_Test Suite/GoLive">
      <properties>
         <property name="deviceName" value=""/>
         <property name="devicePlatform" value=""/>
         <property name="logFolder" value="C:\\Users\\raycp\\Desktop\\COE\\Reports\\Pooja\\GoLive_Test Suite\\GoLive\\20171127_142418"/>
         <property name="logFiles" value="C:\\Users\\raycp\\Desktop\\COE\\Reports\\Pooja\\GoLive_Test Suite\\GoLive\\20171127_142418\\execution0.log"/>
         <property name="attachments" value=""/>
         <property name="hostName" value="raycp - L23017WIN.rpega.com"/>
         <property name="hostAddress" value="10.150.113.175"/>
         <property name="os" value="Windows 10 32bit"/>
         <property name="katalonVersion" value="4.8.0.2"/>
      </properties>
      <testcase name="Test Cases/GOLIVE/Enter Announcement Details" classname="Test Cases/GOLIVE/Enter Announcement Details" status="FAILED">
         <failure type="FAILED" message="Unable to open browser with url: '' (Root cause: org.openqa.selenium.WebDriverException: Cannot find firefox binary in PATH. Make sure firefox is installed. OS appears to be: WIN10
Build info: version: '2.53.0', revision: '35ae25b', time: '2016-03-15 17:00:58'
System info: host: 'L23017WIN', ip: '10.150.113.175', os.name: 'Windows 10', os.arch: 'x86', os.version: '10.0', java.version: '1.8.0_102'
Driver info: driver.version: unknown)"/>
         <system-out><![CDATA[2017-11-27 14:24:20 - [TEST_CASE][FAILED] - Test Cases/GOLIVE/Enter Announcement Details: Test Cases/GOLIVE/Enter Announcement Details FAILED because (of) Unable to open browser with url: '' (Root cause: org.openqa.selenium.WebDriverException: Cannot find firefox binary in PATH. Make sure firefox is installed. OS appears to be: WIN10
Build info: version: '2.53.0', revision: '35ae25b', time: '2016-03-15 17:00:58'
System info: host: 'L23017WIN', ip: '10.150.113.175', os.name: 'Windows 10', os.arch: 'x86', os.version: '10.0', java.version: '1.8.0_102'
Driver info: driver.version: unknown)

2017-11-27 14:24:20 - [TEST_STEP][FAILED] - openBrowser: Unable to open browser with url: '' (Root cause: org.openqa.selenium.WebDriverException: Cannot find firefox binary in PATH. Make sure firefox is installed. OS appears to be: WIN10
Build info: version: '2.53.0', revision: '35ae25b', time: '2016-03-15 17:00:58'
System info: host: 'L23017WIN', ip: '10.150.113.175', os.name: 'Windows 10', os.arch: 'x86', os.version: '10.0', java.version: '1.8.0_102'
Driver info: driver.version: unknown)

2017-11-27 14:24:20 - [MESSAGE][FAILED] - Unable to open browser with url: '' (Root cause: org.openqa.selenium.WebDriverException: Cannot find firefox binary in PATH. Make sure firefox is installed. OS appears to be: WIN10
Build info: version: '2.53.0', revision: '35ae25b', time: '2016-03-15 17:00:58'
System info: host: 'L23017WIN', ip: '10.150.113.175', os.name: 'Windows 10', os.arch: 'x86', os.version: '10.0', java.version: '1.8.0_102'
Driver info: driver.version: unknown)]]></system-out>
         <system-err><![CDATA[2017-11-27 14:24:20 - [TEST_CASE][FAILED] - Test Cases/GOLIVE/Enter Announcement Details: Test Cases/GOLIVE/Enter Announcement Details FAILED because (of) Unable to open browser with url: '' (Root cause: org.openqa.selenium.WebDriverException: Cannot find firefox binary in PATH. Make sure firefox is installed. OS appears to be: WIN10
Build info: version: '2.53.0', revision: '35ae25b', time: '2016-03-15 17:00:58'
System info: host: 'L23017WIN', ip: '10.150.113.175', os.name: 'Windows 10', os.arch: 'x86', os.version: '10.0', java.version: '1.8.0_102'
Driver info: driver.version: unknown)]]></system-err>
      </testcase>
      <system-out><![CDATA[2017-11-27 14:24:19 - [TEST_SUITE][FAILED] - GoLive: Test Cases/GOLIVE/Enter Announcement Details FAILED because (of) Unable to open browser with url: '' (Root cause: org.openqa.selenium.WebDriverException: Cannot find firefox binary in PATH. Make sure firefox is installed. OS appears to be: WIN10
Build info: version: '2.53.0', revision: '35ae25b', time: '2016-03-15 17:00:58'
System info: host: 'L23017WIN', ip: '10.150.113.175', os.name: 'Windows 10', os.arch: 'x86', os.version: '10.0', java.version: '1.8.0_102'
Driver info: driver.version: unknown)]]></system-out>
      <system-err><![CDATA[2017-11-27 14:24:19 - [TEST_SUITE][FAILED] - GoLive: Test Cases/GOLIVE/Enter Announcement Details FAILED because (of) Unable to open browser with url: '' (Root cause: org.openqa.selenium.WebDriverException: Cannot find firefox binary in PATH. Make sure firefox is installed. OS appears to be: WIN10
Build info: version: '2.53.0', revision: '35ae25b', time: '2016-03-15 17:00:58'
System info: host: 'L23017WIN', ip: '10.150.113.175', os.name: 'Windows 10', os.arch: 'x86', os.version: '10.0', java.version: '1.8.0_102'
Driver info: driver.version: unknown)]]></system-err>
   </testsuite>
</testsuites>
