<?xml version="1.0" encoding="UTF-8"?>
<testsuites name="Verify Technical details" time="103" tests="3" failures="1" errors="0">
   <testsuite name="Verify Technical details" tests="3" failures="1" errors="0" time="103" timestamp="2017-11-28 08:48:55" hostname="raycp - L23017WIN.rpega.com" id="Test Suites/Pooja/GoLive_Test Suite/Verify Technical details">
      <properties>
         <property name="deviceName" value=""/>
         <property name="devicePlatform" value=""/>
         <property name="logFolder" value="C:\\Users\\raycp\\Desktop\\COE\\Reports\\Pooja\\GoLive_Test Suite\\Verify Technical details\\20171128_084853"/>
         <property name="logFiles" value="C:\\Users\\raycp\\Desktop\\COE\\Reports\\Pooja\\GoLive_Test Suite\\Verify Technical details\\20171128_084853\\execution0.log"/>
         <property name="attachments" value="C:\\Users\\raycp\\Desktop\\COE\\Reports\\Pooja\\GoLive_Test Suite\\Verify Technical details\\20171128_084853\\1511839237273.png"/>
         <property name="hostName" value="raycp - L23017WIN.rpega.com"/>
         <property name="os" value="Windows 10 32bit"/>
         <property name="katalonVersion" value="4.8.0.2"/>
         <property name="browser" value="Chrome 62.0.3202.94"/>
         <property name="hostAddress" value="10.150.113.175"/>
         <property name="sessionId" value="686c29d1ff5c71a7ec30817b6f1edd29"/>
         <property name="seleniumVersion" value="2.53.0"/>
         <property name="proxyInformation" value="ProxyInformation{proxyOption=NO_PROXY, proxyServerType=HTTP, password=, proxyServerAddress=, proxyServerPort=0}"/>
         <property name="platform" value="Windows 10"/>
      </properties>
      <testcase name="Test Cases/GOLIVE/Enter Business Case" classname="Test Cases/GOLIVE/Enter Business Case" status="PASSED">
         <system-out><![CDATA[2017-11-28 08:48:55 - [TEST_CASE][PASSED] - Test Cases/GOLIVE/Enter Business Case: Test Cases/GOLIVE/Enter Business Case

2017-11-28 08:48:55 - [TEST_STEP][PASSED] - openBrowser: Browser is opened with url: ''

2017-11-28 08:48:58 - [MESSAGE][PASSED] - Browser is opened with url: ''

2017-11-28 08:48:58 - [TEST_STEP][PASSED] - navigateToUrl: Navigate to 'https://vciaqa.rpega.com:8333/ciaqa/PRServlet/dGKN-A6ThDliXf4sywRqw74EFIEOGY6R*/!STANDARD' successfully

2017-11-28 08:49:00 - [MESSAGE][PASSED] - Navigate to 'https://vciaqa.rpega.com:8333/ciaqa/PRServlet/dGKN-A6ThDliXf4sywRqw74EFIEOGY6R*/!STANDARD' successfully

2017-11-28 08:49:00 - [TEST_STEP][PASSED] - setText: Text 'hendj@pegasystems.com' is set on object 'Object Repository/GOLive_Objects/Search/Page_Pega 7/input_UserIdentifier'

2017-11-28 08:49:00 - [MESSAGE][PASSED] - Text 'hendj@pegasystems.com' is set on object 'Object Repository/GOLive_Objects/Search/Page_Pega 7/input_UserIdentifier'

2017-11-28 08:49:00 - [TEST_STEP][PASSED] - setText: Text 'install' is set on object 'Object Repository/GOLive_Objects/Search/Page_Pega 7/input_Password'

2017-11-28 08:49:01 - [MESSAGE][PASSED] - Text 'install' is set on object 'Object Repository/GOLive_Objects/Search/Page_Pega 7/input_Password'

2017-11-28 08:49:01 - [TEST_STEP][PASSED] - sendKeys: Keys '' sent to object: 'Object Repository/GOLive_Objects/Search/Page_Pega 7/input_Password'

2017-11-28 08:49:06 - [MESSAGE][PASSED] - Keys '' sent to object: 'Object Repository/GOLive_Objects/Search/Page_Pega 7/input_Password'

2017-11-28 08:49:06 - [TEST_STEP][PASSED] - maximizeWindow: Current window maximized

2017-11-28 08:49:08 - [MESSAGE][PASSED] - Current window maximized

2017-11-28 08:49:08 - [TEST_STEP][PASSED] - click: Object: 'Object Repository/GOLive_Objects/Search/Page_AIAManager/span_Advanced Search' is clicked on

2017-11-28 08:49:08 - [MESSAGE][PASSED] - Object: 'Object Repository/GOLive_Objects/Search/Page_AIAManager/span_Advanced Search' is clicked on

2017-11-28 08:49:08 - [TEST_STEP][PASSED] - click: Object: 'Object Repository/GOLive_Objects/Search/Page_AIAManager/label_Go Live' is clicked on

2017-11-28 08:49:09 - [MESSAGE][PASSED] - Object: 'Object Repository/GOLive_Objects/Search/Page_AIAManager/label_Go Live' is clicked on

2017-11-28 08:49:09 - [TEST_STEP][PASSED] - setText: Text 'OGL-1737' is set on object 'Object Repository/GOLive_Objects/Search/Page_AIAManager/input_PpyDisplayHarnesspSearch'

2017-11-28 08:49:10 - [MESSAGE][PASSED] - Text 'OGL-1737' is set on object 'Object Repository/GOLive_Objects/Search/Page_AIAManager/input_PpyDisplayHarnesspSearch'

2017-11-28 08:49:10 - [TEST_STEP][PASSED] - click: Object: 'Object Repository/GOLive_Objects/Search/Page_AIAManager/div_Search' is clicked on

2017-11-28 08:49:10 - [MESSAGE][PASSED] - Object: 'Object Repository/GOLive_Objects/Search/Page_AIAManager/div_Search' is clicked on

2017-11-28 08:49:10 - [TEST_STEP][PASSED] - doubleClick: Object: 'Object Repository/GOLive_Objects/Search/Page_AIAManager/span_OGL-1608' is double clicked on

2017-11-28 08:49:12 - [MESSAGE][PASSED] - Object: 'Object Repository/GOLive_Objects/Search/Page_AIAManager/span_OGL-1608' is double clicked on

2017-11-28 08:49:14 - [TEST_STEP][PASSED] - click: Object: 'Object Repository/GOLive_Objects/Search/Page_AIAManager/Enter Business Case' is clicked on

2017-11-28 08:49:16 - [MESSAGE][PASSED] - Object: 'Object Repository/GOLive_Objects/Search/Page_AIAManager/Enter Business Case' is clicked on

2017-11-28 08:49:16 - [TEST_STEP][PASSED] - scrollToElement: Scroll to object 'Object Repository/GOLive_Objects/Search/Page_AIAManager/div_Next' successfully

2017-11-28 08:49:17 - [MESSAGE][PASSED] - Scroll to object 'Object Repository/GOLive_Objects/Search/Page_AIAManager/div_Next' successfully

2017-11-28 08:49:17 - [TEST_STEP][PASSED] - click: Object: 'Object Repository/GOLive_Objects/Search/Page_AIAManager/div_Next' is clicked on

2017-11-28 08:49:17 - [MESSAGE][PASSED] - Object: 'Object Repository/GOLive_Objects/Search/Page_AIAManager/div_Next' is clicked on]]></system-out>
         <system-err><![CDATA[]]></system-err>
      </testcase>
      <testcase name="Test Cases/GOLIVE/Enter Technical Details" classname="Test Cases/GOLIVE/Enter Technical Details" status="PASSED">
         <system-out><![CDATA[2017-11-28 08:49:17 - [TEST_CASE][PASSED] - Test Cases/GOLIVE/Enter Technical Details: Test Cases/GOLIVE/Enter Technical Details

2017-11-28 08:49:17 - [TEST_STEP][PASSED] - selectOptionByValue: All options with value 'Ind5' are selected in object 'Object Repository/GOLive_Objects/Update Technical Details/Page_AIAManager/select_PpyWorkPagepSolutionMap'  using regular expression

2017-11-28 08:49:19 - [MESSAGE][PASSED] - All options with value 'Ind5' are selected in object 'Object Repository/GOLive_Objects/Update Technical Details/Page_AIAManager/select_PpyWorkPagepSolutionMap'  using regular expression

2017-11-28 08:49:19 - [TEST_STEP][PASSED] - delay: Delayed 2 second(s)

2017-11-28 08:49:21 - [MESSAGE][PASSED] - Delayed 2 second(s)

2017-11-28 08:49:21 - [TEST_STEP][PASSED] - selectOptionByValue: All options with value 'IndSeg25' are selected in object 'Object Repository/GOLive_Objects/Update Technical Details/Page_AIAManager/select_PpyWorkPagepSolutionMap (1)'  using regular expression

2017-11-28 08:49:21 - [MESSAGE][PASSED] - All options with value 'IndSeg25' are selected in object 'Object Repository/GOLive_Objects/Update Technical Details/Page_AIAManager/select_PpyWorkPagepSolutionMap (1)'  using regular expression

2017-11-28 08:49:21 - [TEST_STEP][PASSED] - delay: Delayed 2 second(s)

2017-11-28 08:49:23 - [MESSAGE][PASSED] - Delayed 2 second(s)

2017-11-28 08:49:23 - [TEST_STEP][PASSED] - selectOptionByValue: All options with value 'IndSol439' are selected in object 'Object Repository/GOLive_Objects/Update Technical Details/Page_AIAManager/select_PpyWorkPagepSolutionMap (2)'  using regular expression

2017-11-28 08:49:24 - [MESSAGE][PASSED] - All options with value 'IndSol439' are selected in object 'Object Repository/GOLive_Objects/Update Technical Details/Page_AIAManager/select_PpyWorkPagepSolutionMap (2)'  using regular expression

2017-11-28 08:49:24 - [TEST_STEP][PASSED] - delay: Delayed 2 second(s)

2017-11-28 08:49:26 - [MESSAGE][PASSED] - Delayed 2 second(s)

2017-11-28 08:49:26 - [TEST_STEP][PASSED] - selectOptionByValue: All options with value 'Industry Specific' are selected in object 'Object Repository/GOLive_Objects/Update Technical Details/Page_AIAManager/select_PpyWorkPagepImplementat'  using regular expression

2017-11-28 08:49:26 - [MESSAGE][PASSED] - All options with value 'Industry Specific' are selected in object 'Object Repository/GOLive_Objects/Update Technical Details/Page_AIAManager/select_PpyWorkPagepImplementat'  using regular expression

2017-11-28 08:49:26 - [TEST_STEP][PASSED] - delay: Delayed 3 second(s)

2017-11-28 08:49:29 - [MESSAGE][PASSED] - Delayed 3 second(s)

2017-11-28 08:49:29 - [TEST_STEP][PASSED] - selectOptionByValue: All options with value 'FS - Cards' are selected in object 'Object Repository/GOLive_Objects/Update Technical Details/Page_AIAManager/SolutionMap1'  using regular expression

2017-11-28 08:49:30 - [MESSAGE][PASSED] - All options with value 'FS - Cards' are selected in object 'Object Repository/GOLive_Objects/Update Technical Details/Page_AIAManager/SolutionMap1'  using regular expression

2017-11-28 08:49:30 - [TEST_STEP][PASSED] - delay: Delayed 2 second(s)

2017-11-28 08:49:32 - [MESSAGE][PASSED] - Delayed 2 second(s)

2017-11-28 08:49:32 - [TEST_STEP][PASSED] - selectOptionByValue: All options with value 'less than 500' are selected in object 'Object Repository/GOLive_Objects/Update Technical Details/Page_AIAManager/select_PpyWorkPagepImplementat (1)'  using regular expression

2017-11-28 08:49:32 - [MESSAGE][PASSED] - All options with value 'less than 500' are selected in object 'Object Repository/GOLive_Objects/Update Technical Details/Page_AIAManager/select_PpyWorkPagepImplementat (1)'  using regular expression

2017-11-28 08:49:32 - [TEST_STEP][PASSED] - delay: Delayed 2 second(s)

2017-11-28 08:49:34 - [MESSAGE][PASSED] - Delayed 2 second(s)

2017-11-28 08:49:34 - [TEST_STEP][PASSED] - selectOptionByValue: All options with value 'N/A' are selected in object 'Object Repository/GOLive_Objects/Update Technical Details/Page_AIAManager/select_PpyWorkPagepChannelsl1p'  using regular expression

2017-11-28 08:49:34 - [MESSAGE][PASSED] - All options with value 'N/A' are selected in object 'Object Repository/GOLive_Objects/Update Technical Details/Page_AIAManager/select_PpyWorkPagepChannelsl1p'  using regular expression

2017-11-28 08:49:34 - [TEST_STEP][PASSED] - delay: Delayed 2 second(s)

2017-11-28 08:49:36 - [MESSAGE][PASSED] - Delayed 2 second(s)

2017-11-28 08:49:36 - [TEST_STEP][PASSED] - setText: Text 'test' is set on object 'Object Repository/GOLive_Objects/Update Technical Details/Page_AIAManager/input_PpyWorkPagepCustomerCont'

2017-11-28 08:49:37 - [MESSAGE][PASSED] - Text 'test' is set on object 'Object Repository/GOLive_Objects/Update Technical Details/Page_AIAManager/input_PpyWorkPagepCustomerCont'

2017-11-28 08:49:37 - [TEST_STEP][PASSED] - delay: Delayed 1 second(s)

2017-11-28 08:49:38 - [MESSAGE][PASSED] - Delayed 1 second(s)

2017-11-28 08:49:38 - [TEST_STEP][PASSED] - setText: Text 'test' is set on object 'Object Repository/GOLive_Objects/Update Technical Details/Page_AIAManager/input_PpyWorkPagepCustomerCont (1)'

2017-11-28 08:49:38 - [MESSAGE][PASSED] - Text 'test' is set on object 'Object Repository/GOLive_Objects/Update Technical Details/Page_AIAManager/input_PpyWorkPagepCustomerCont (1)'

2017-11-28 08:49:38 - [TEST_STEP][PASSED] - delay: Delayed 1 second(s)

2017-11-28 08:49:39 - [MESSAGE][PASSED] - Delayed 1 second(s)

2017-11-28 08:49:39 - [TEST_STEP][PASSED] - setText: Text 'test@gmail.com' is set on object 'Object Repository/GOLive_Objects/Update Technical Details/Page_AIAManager/input_PpyWorkPagepCustomerCont (2)'

2017-11-28 08:49:40 - [MESSAGE][PASSED] - Text 'test@gmail.com' is set on object 'Object Repository/GOLive_Objects/Update Technical Details/Page_AIAManager/input_PpyWorkPagepCustomerCont (2)'

2017-11-28 08:49:40 - [TEST_STEP][PASSED] - delay: Delayed 2 second(s)

2017-11-28 08:49:42 - [MESSAGE][PASSED] - Delayed 2 second(s)

2017-11-28 08:49:42 - [TEST_STEP][PASSED] - scrollToElement: Scroll to object 'Object Repository/GOLive_Objects/Update Technical Details/Page_AIAManager/select_PpyWorkPagepAppServerNa' successfully

2017-11-28 08:49:42 - [MESSAGE][PASSED] - Scroll to object 'Object Repository/GOLive_Objects/Update Technical Details/Page_AIAManager/select_PpyWorkPagepAppServerNa' successfully

2017-11-28 08:49:42 - [TEST_STEP][PASSED] - selectOptionByValue: All options with value 'Apache Server' are selected in object 'Object Repository/GOLive_Objects/Update Technical Details/Page_AIAManager/select_PpyWorkPagepAppServerNa'  using regular expression

2017-11-28 08:49:42 - [MESSAGE][PASSED] - All options with value 'Apache Server' are selected in object 'Object Repository/GOLive_Objects/Update Technical Details/Page_AIAManager/select_PpyWorkPagepAppServerNa'  using regular expression

2017-11-28 08:49:42 - [TEST_STEP][PASSED] - delay: Delayed 2 second(s)

2017-11-28 08:49:44 - [MESSAGE][PASSED] - Delayed 2 second(s)

2017-11-28 08:49:44 - [TEST_STEP][PASSED] - selectOptionByValue: All options with value 'Mainframe' are selected in object 'Object Repository/GOLive_Objects/Update Technical Details/Page_AIAManager/select_PpyWorkPagepAppServerOS'  using regular expression

2017-11-28 08:49:45 - [MESSAGE][PASSED] - All options with value 'Mainframe' are selected in object 'Object Repository/GOLive_Objects/Update Technical Details/Page_AIAManager/select_PpyWorkPagepAppServerOS'  using regular expression

2017-11-28 08:49:45 - [TEST_STEP][PASSED] - delay: Delayed 2 second(s)

2017-11-28 08:49:47 - [MESSAGE][PASSED] - Delayed 2 second(s)

2017-11-28 08:49:47 - [TEST_STEP][PASSED] - selectOptionByValue: All options with value 'RMS' are selected in object 'Object Repository/GOLive_Objects/Update Technical Details/Page_AIAManager/select_PpyWorkPagepDBServerNam'  using regular expression

2017-11-28 08:49:47 - [MESSAGE][PASSED] - All options with value 'RMS' are selected in object 'Object Repository/GOLive_Objects/Update Technical Details/Page_AIAManager/select_PpyWorkPagepDBServerNam'  using regular expression

2017-11-28 08:49:47 - [TEST_STEP][PASSED] - delay: Delayed 2 second(s)

2017-11-28 08:49:49 - [MESSAGE][PASSED] - Delayed 2 second(s)

2017-11-28 08:49:49 - [TEST_STEP][PASSED] - click: Object: 'Object Repository/GOLive_Objects/Update Technical Details/Page_AIAManager/select_PpyWorkPagepProductsl1p' is clicked on

2017-11-28 08:49:50 - [MESSAGE][PASSED] - Object: 'Object Repository/GOLive_Objects/Update Technical Details/Page_AIAManager/select_PpyWorkPagepProductsl1p' is clicked on

2017-11-28 08:49:50 - [TEST_STEP][PASSED] - click: Object: 'Object Repository/GOLive_Objects/Update Technical Details/Page_AIAManager/Product_Name' is clicked on

2017-11-28 08:49:50 - [MESSAGE][PASSED] - Object: 'Object Repository/GOLive_Objects/Update Technical Details/Page_AIAManager/Product_Name' is clicked on

2017-11-28 08:49:50 - [TEST_STEP][PASSED] - delay: Delayed 5 second(s)

2017-11-28 08:49:55 - [MESSAGE][PASSED] - Delayed 5 second(s)

2017-11-28 08:49:55 - [TEST_STEP][PASSED] - selectOptionByValue: All options with value 'RLS-3596' are selected in object 'Object Repository/GOLive_Objects/Update Technical Details/Page_AIAManager/select_PpyWorkPagepProductsl1p (1)'  using regular expression

2017-11-28 08:49:55 - [MESSAGE][PASSED] - All options with value 'RLS-3596' are selected in object 'Object Repository/GOLive_Objects/Update Technical Details/Page_AIAManager/select_PpyWorkPagepProductsl1p (1)'  using regular expression

2017-11-28 08:49:55 - [TEST_STEP][PASSED] - scrollToElement: Scroll to object 'Object Repository/GOLive_Objects/Search/Page_AIAManager/div_Next' successfully

2017-11-28 08:49:55 - [MESSAGE][PASSED] - Scroll to object 'Object Repository/GOLive_Objects/Search/Page_AIAManager/div_Next' successfully

2017-11-28 08:49:56 - [TEST_STEP][PASSED] - click: Object: 'Object Repository/GOLive_Objects/Search/Page_AIAManager/div_Next' is clicked on

2017-11-28 08:49:56 - [MESSAGE][PASSED] - Object: 'Object Repository/GOLive_Objects/Search/Page_AIAManager/div_Next' is clicked on

2017-11-28 08:49:56 - [TEST_STEP][PASSED] - delay: Delayed 5 second(s)

2017-11-28 08:50:01 - [MESSAGE][PASSED] - Delayed 5 second(s)]]></system-out>
         <system-err><![CDATA[]]></system-err>
      </testcase>
      <testcase name="Test Cases/GOLIVE/Preview Email" classname="Test Cases/GOLIVE/Preview Email" status="PASSED">
         <system-out><![CDATA[2017-11-28 08:50:01 - [TEST_CASE][PASSED] - Test Cases/GOLIVE/Preview Email: Test Cases/GOLIVE/Preview Email

2017-11-28 08:50:01 - [TEST_STEP][PASSED] - click: Object: 'Object Repository/GOLive_Objects/PreviewEmail/Page_AIAManager/div_Preview Pdf' is clicked on

2017-11-28 08:50:01 - [MESSAGE][PASSED] - Object: 'Object Repository/GOLive_Objects/PreviewEmail/Page_AIAManager/div_Preview Pdf' is clicked on

2017-11-28 08:50:02 - [TEST_STEP][PASSED] - delay: Delayed 5 second(s)

2017-11-28 08:50:07 - [MESSAGE][PASSED] - Delayed 5 second(s)

2017-11-28 08:50:07 - [TEST_STEP][PASSED] - click: Object: 'Object Repository/GOLive_Objects/PreviewEmail/Page_AIAManager/div_Preview Email' is clicked on

2017-11-28 08:50:07 - [MESSAGE][PASSED] - Object: 'Object Repository/GOLive_Objects/PreviewEmail/Page_AIAManager/div_Preview Email' is clicked on

2017-11-28 08:50:07 - [TEST_STEP][PASSED] - delay: Delayed 5 second(s)

2017-11-28 08:50:12 - [MESSAGE][PASSED] - Delayed 5 second(s)

2017-11-28 08:50:12 - [TEST_STEP][PASSED] - scrollToElement: Scroll to object 'Object Repository/GOLive_Objects/PreviewEmail/Page_AIAManager/Submit' successfully

2017-11-28 08:50:12 - [MESSAGE][PASSED] - Scroll to object 'Object Repository/GOLive_Objects/PreviewEmail/Page_AIAManager/Submit' successfully

2017-11-28 08:50:12 - [TEST_STEP][PASSED] - click: Object: 'Object Repository/GOLive_Objects/PreviewEmail/Page_AIAManager/Submit' is clicked on

2017-11-28 08:50:12 - [MESSAGE][PASSED] - Object: 'Object Repository/GOLive_Objects/PreviewEmail/Page_AIAManager/Submit' is clicked on

2017-11-28 08:50:13 - [TEST_STEP][PASSED] - delay: Delayed 5 second(s)

2017-11-28 08:50:18 - [MESSAGE][PASSED] - Delayed 5 second(s)]]></system-out>
         <system-err><![CDATA[]]></system-err>
      </testcase>
      <testcase name="Test Cases/GOLIVE/PRApproval" classname="Test Cases/GOLIVE/PRApproval" status="FAILED">
         <failure type="FAILED" message="Unable to click on object (Root cause: java.lang.IllegalArgumentException: Object is null)"/>
         <system-out><![CDATA[2017-11-28 08:50:18 - [TEST_CASE][FAILED] - Test Cases/GOLIVE/PRApproval: Test Cases/GOLIVE/PRApproval FAILED because (of) Unable to click on object (Root cause: java.lang.IllegalArgumentException: Object is null)

2017-11-28 08:50:18 - [TEST_STEP][PASSED] - openBrowser: Browser is opened with url: ''

2017-11-28 08:50:18 - [MESSAGE][WARNING] - A browser is already opened. Closing browser and opening a new one

2017-11-28 08:50:21 - [MESSAGE][PASSED] - Browser is opened with url: ''

2017-11-28 08:50:21 - [TEST_STEP][PASSED] - navigateToUrl: Navigate to 'https://vciaqa.rpega.com:8333/ciaqa/PRServlet/dGKN-A6ThDliXf4sywRqw74EFIEOGY6R*/!STANDARD' successfully

2017-11-28 08:50:23 - [MESSAGE][PASSED] - Navigate to 'https://vciaqa.rpega.com:8333/ciaqa/PRServlet/dGKN-A6ThDliXf4sywRqw74EFIEOGY6R*/!STANDARD' successfully

2017-11-28 08:50:23 - [TEST_STEP][PASSED] - setText: Text 'fergc@pegasystems.com' is set on object 'Object Repository/GOLive_Objects/PRApprove/Page_Pega 7/input_UserIdentifier'

2017-11-28 08:50:23 - [MESSAGE][PASSED] - Text 'fergc@pegasystems.com' is set on object 'Object Repository/GOLive_Objects/PRApprove/Page_Pega 7/input_UserIdentifier'

2017-11-28 08:50:23 - [TEST_STEP][PASSED] - setText: Text 'install' is set on object 'Object Repository/GOLive_Objects/PRApprove/Page_Pega 7/input_Password'

2017-11-28 08:50:23 - [MESSAGE][PASSED] - Text 'install' is set on object 'Object Repository/GOLive_Objects/PRApprove/Page_Pega 7/input_Password'

2017-11-28 08:50:23 - [TEST_STEP][PASSED] - sendKeys: Keys '' sent to object: 'Object Repository/GOLive_Objects/PRApprove/Page_Pega 7/input_Password'

2017-11-28 08:50:29 - [MESSAGE][PASSED] - Keys '' sent to object: 'Object Repository/GOLive_Objects/PRApprove/Page_Pega 7/input_Password'

2017-11-28 08:50:29 - [TEST_STEP][PASSED] - maximizeWindow: Current window maximized

2017-11-28 08:50:30 - [MESSAGE][PASSED] - Current window maximized

2017-11-28 08:50:30 - [TEST_STEP][PASSED] - click: Object: 'Object Repository/GOLive_Objects/Search/Page_AIAManager/span_Advanced Search' is clicked on

2017-11-28 08:50:30 - [MESSAGE][PASSED] - Object: 'Object Repository/GOLive_Objects/Search/Page_AIAManager/span_Advanced Search' is clicked on

2017-11-28 08:50:30 - [TEST_STEP][PASSED] - click: Object: 'Object Repository/GOLive_Objects/Search/Page_AIAManager/label_Go Live' is clicked on

2017-11-28 08:50:31 - [MESSAGE][PASSED] - Object: 'Object Repository/GOLive_Objects/Search/Page_AIAManager/label_Go Live' is clicked on

2017-11-28 08:50:31 - [TEST_STEP][PASSED] - setText: Text 'OGL-1722' is set on object 'Object Repository/GOLive_Objects/Search/Page_AIAManager/input_PpyDisplayHarnesspSearch'

2017-11-28 08:50:33 - [MESSAGE][PASSED] - Text 'OGL-1722' is set on object 'Object Repository/GOLive_Objects/Search/Page_AIAManager/input_PpyDisplayHarnesspSearch'

2017-11-28 08:50:33 - [TEST_STEP][PASSED] - click: Object: 'Object Repository/GOLive_Objects/Search/Page_AIAManager/div_Search' is clicked on

2017-11-28 08:50:33 - [MESSAGE][PASSED] - Object: 'Object Repository/GOLive_Objects/Search/Page_AIAManager/div_Search' is clicked on

2017-11-28 08:50:33 - [TEST_STEP][PASSED] - doubleClick: Object: 'Object Repository/GOLive_Objects/PRApprove/Page_AIAManager/span_OGL-1722' is double clicked on

2017-11-28 08:50:35 - [MESSAGE][PASSED] - Object: 'Object Repository/GOLive_Objects/PRApprove/Page_AIAManager/span_OGL-1722' is double clicked on

2017-11-28 08:50:37 - [TEST_STEP][FAILED] - click: Unable to click on object (Root cause: java.lang.IllegalArgumentException: Object is null)

2017-11-28 08:50:37 - [MESSAGE][WARNING] - Test object id is null

2017-11-28 08:50:37 - [MESSAGE][WARNING] - Test object with id 'Object Repository/' does not exist

2017-11-28 08:50:37 - [MESSAGE][FAILED] - Unable to click on object (Root cause: java.lang.IllegalArgumentException: Object is null)
[[ATTACHMENT|C:\\Users\\raycp\\Desktop\\COE\\Reports\\Pooja\\GoLive_Test Suite\\Verify Technical details\\20171128_084853\\1511839237273.png]]]]></system-out>
         <system-err><![CDATA[2017-11-28 08:50:18 - [TEST_CASE][FAILED] - Test Cases/GOLIVE/PRApproval: Test Cases/GOLIVE/PRApproval FAILED because (of) Unable to click on object (Root cause: java.lang.IllegalArgumentException: Object is null)]]></system-err>
      </testcase>
      <system-out><![CDATA[2017-11-28 08:48:55 - [TEST_SUITE][FAILED] - Verify Technical details: Test Cases/GOLIVE/PRApproval FAILED because (of) Unable to click on object (Root cause: java.lang.IllegalArgumentException: Object is null)]]></system-out>
      <system-err><![CDATA[2017-11-28 08:48:55 - [TEST_SUITE][FAILED] - Verify Technical details: Test Cases/GOLIVE/PRApproval FAILED because (of) Unable to click on object (Root cause: java.lang.IllegalArgumentException: Object is null)]]></system-err>
   </testsuite>
</testsuites>
