<?xml version="1.0" encoding="UTF-8"?>
<testsuites name="GoLive" time="45" tests="1" failures="0" errors="0">
   <testsuite name="GoLive" tests="1" failures="0" errors="0" time="45" timestamp="2017-11-14 08:42:41" hostname="raycp - L23017WIN.rpega.com" id="Test Suites/Pooja/GoLive_Test Suite/GoLive">
      <properties>
         <property name="deviceName" value=""/>
         <property name="devicePlatform" value=""/>
         <property name="logFolder" value="C:\\Users\\raycp\\Desktop\\COE\\Reports\\Pooja\\GoLive_Test Suite\\GoLive\\20171114_084239"/>
         <property name="logFiles" value="C:\\Users\\raycp\\Desktop\\COE\\Reports\\Pooja\\GoLive_Test Suite\\GoLive\\20171114_084239\\execution0.log"/>
         <property name="attachments" value=""/>
         <property name="hostName" value="raycp - L23017WIN.rpega.com"/>
         <property name="os" value="Windows 10 32bit"/>
         <property name="katalonVersion" value="4.8.0.2"/>
         <property name="browser" value="Chrome 61.0.3163.100"/>
         <property name="hostAddress" value="10.150.250.74"/>
         <property name="sessionId" value="55ca62c4e73d4d264c21657b98ff37db"/>
         <property name="seleniumVersion" value="2.53.0"/>
         <property name="proxyInformation" value="ProxyInformation{proxyOption=NO_PROXY, proxyServerType=HTTP, password=, proxyServerAddress=, proxyServerPort=0}"/>
         <property name="platform" value="Windows 10"/>
      </properties>
      <testcase name="Test Cases/GOLIVE/Enter Announcement Details" classname="Test Cases/GOLIVE/Enter Announcement Details" status="PASSED">
         <system-out><![CDATA[2017-11-14 08:42:41 - [TEST_CASE][PASSED] - Test Cases/GOLIVE/Enter Announcement Details: Test Cases/GOLIVE/Enter Announcement Details

2017-11-14 08:42:42 - [TEST_STEP][PASSED] - openBrowser: Browser is opened with url: ''

2017-11-14 08:42:45 - [MESSAGE][PASSED] - Browser is opened with url: ''

2017-11-14 08:42:45 - [TEST_STEP][PASSED] - navigateToUrl: Navigate to 'https://vciaqa.rpega.com:8333/ciaqa/PRServlet/dGKN-A6ThDliXf4sywRqw74EFIEOGY6R*/!STANDARD' successfully

2017-11-14 08:42:47 - [MESSAGE][PASSED] - Navigate to 'https://vciaqa.rpega.com:8333/ciaqa/PRServlet/dGKN-A6ThDliXf4sywRqw74EFIEOGY6R*/!STANDARD' successfully

2017-11-14 08:42:47 - [TEST_STEP][PASSED] - setText: Text 'hendj@pegasystems.com' is set on object 'Object Repository/GOLive_Objects/Page_Pega 7/input_UserIdentifier'

2017-11-14 08:42:48 - [MESSAGE][PASSED] - Text 'hendj@pegasystems.com' is set on object 'Object Repository/GOLive_Objects/Page_Pega 7/input_UserIdentifier'

2017-11-14 08:42:48 - [TEST_STEP][PASSED] - setText: Text 'install' is set on object 'Object Repository/GOLive_Objects/Page_Pega 7/input_Password'

2017-11-14 08:42:48 - [MESSAGE][PASSED] - Text 'install' is set on object 'Object Repository/GOLive_Objects/Page_Pega 7/input_Password'

2017-11-14 08:42:48 - [TEST_STEP][PASSED] - click: Object: 'Object Repository/GOLive_Objects/Page_Pega 7/button_pyActivityCode-Security' is clicked on

2017-11-14 08:42:55 - [MESSAGE][PASSED] - Object: 'Object Repository/GOLive_Objects/Page_Pega 7/button_pyActivityCode-Security' is clicked on

2017-11-14 08:42:55 - [TEST_STEP][PASSED] - maximizeWindow: Current window maximized

2017-11-14 08:42:56 - [MESSAGE][PASSED] - Current window maximized

2017-11-14 08:42:56 - [TEST_STEP][PASSED] - click: Object: 'Object Repository/GOLive_Objects/Page_AIAManager/div_Enter Go Live' is clicked on

2017-11-14 08:42:56 - [MESSAGE][PASSED] - Object: 'Object Repository/GOLive_Objects/Page_AIAManager/div_Enter Go Live' is clicked on

2017-11-14 08:43:01 - [TEST_STEP][PASSED] - sendKeys: Keys 'IM-1' sent to object: 'Object Repository/GOLive_Objects/Page_AIAManager/select_PpyWorkPagepImplementat'

2017-11-14 08:43:01 - [MESSAGE][PASSED] - Keys 'IM-1' sent to object: 'Object Repository/GOLive_Objects/Page_AIAManager/select_PpyWorkPagepImplementat'

2017-11-14 08:43:01 - [TEST_STEP][PASSED] - setText: Text 'BOFA' is set on object 'Object Repository/GOLive_Objects/Page_AIAManager/input_PpyWorkPagepPacOrgID'

2017-11-14 08:43:01 - [MESSAGE][PASSED] - Text 'BOFA' is set on object 'Object Repository/GOLive_Objects/Page_AIAManager/input_PpyWorkPagepPacOrgID'

2017-11-14 08:43:01 - [TEST_STEP][PASSED] - click: Object: 'Object Repository/GOLive_Objects/SelectOrg' is clicked on

2017-11-14 08:43:03 - [MESSAGE][PASSED] - Object: 'Object Repository/GOLive_Objects/SelectOrg' is clicked on

2017-11-14 08:43:03 - [TEST_STEP][PASSED] - delay: Delayed 2 second(s)

2017-11-14 08:43:05 - [MESSAGE][PASSED] - Delayed 2 second(s)

2017-11-14 08:43:05 - [TEST_STEP][PASSED] - setText: Text 'BOFAUK' is set on object 'Object Repository/GOLive_Objects/Account'

2017-11-14 08:43:05 - [MESSAGE][PASSED] - Text 'BOFAUK' is set on object 'Object Repository/GOLive_Objects/Account'

2017-11-14 08:43:05 - [TEST_STEP][PASSED] - click: Object: 'Object Repository/GOLive_Objects/Select_Acc' is clicked on

2017-11-14 08:43:06 - [MESSAGE][PASSED] - Object: 'Object Repository/GOLive_Objects/Select_Acc' is clicked on

2017-11-14 08:43:06 - [TEST_STEP][PASSED] - delay: Delayed 2 second(s)

2017-11-14 08:43:08 - [MESSAGE][PASSED] - Delayed 2 second(s)

2017-11-14 08:43:08 - [TEST_STEP][PASSED] - click: Object: 'Object Repository/GOLive_Objects/Page_AIAManager/select_PpyWorkPagepEngagementI' is clicked on

2017-11-14 08:43:08 - [MESSAGE][PASSED] - Object: 'Object Repository/GOLive_Objects/Page_AIAManager/select_PpyWorkPagepEngagementI' is clicked on

2017-11-14 08:43:08 - [TEST_STEP][PASSED] - click: Object: 'Object Repository/GOLive_Objects/Engagement' is clicked on

2017-11-14 08:43:08 - [MESSAGE][PASSED] - Object: 'Object Repository/GOLive_Objects/Engagement' is clicked on

2017-11-14 08:43:08 - [TEST_STEP][PASSED] - setText: Text 'COMMENT' is set on object 'Object Repository/GOLive_Objects/Page_AIAManager/textarea_PpyWorkPagepComments'

2017-11-14 08:43:09 - [MESSAGE][PASSED] - Text 'COMMENT' is set on object 'Object Repository/GOLive_Objects/Page_AIAManager/textarea_PpyWorkPagepComments'

2017-11-14 08:43:09 - [TEST_STEP][PASSED] - delay: Delayed 1 second(s)

2017-11-14 08:43:10 - [MESSAGE][PASSED] - Delayed 1 second(s)

2017-11-14 08:43:10 - [TEST_STEP][PASSED] - setText: Text 'Bank Of America' is set on object 'Object Repository/GOLive_Objects/Page_AIAManager/input_PpyWorkPagepAnnouncement'

2017-11-14 08:43:10 - [MESSAGE][PASSED] - Text 'Bank Of America' is set on object 'Object Repository/GOLive_Objects/Page_AIAManager/input_PpyWorkPagepAnnouncement'

2017-11-14 08:43:10 - [TEST_STEP][PASSED] - click: Object: 'Object Repository/GOLive_Objects/Page_AIAManager/img_inactvIcon icnHvr' is clicked on

2017-11-14 08:43:11 - [MESSAGE][PASSED] - Object: 'Object Repository/GOLive_Objects/Page_AIAManager/img_inactvIcon icnHvr' is clicked on

2017-11-14 08:43:11 - [TEST_STEP][PASSED] - click: Object: 'Object Repository/GOLive_Objects/Page_AIAManager/a_14' is clicked on

2017-11-14 08:43:11 - [MESSAGE][PASSED] - Object: 'Object Repository/GOLive_Objects/Page_AIAManager/a_14' is clicked on

2017-11-14 08:43:11 - [TEST_STEP][PASSED] - click: Object: 'Object Repository/GOLive_Objects/Page_AIAManager/input_PpyWorkPagepIsRapidDeliv' is clicked on

2017-11-14 08:43:11 - [MESSAGE][PASSED] - Object: 'Object Repository/GOLive_Objects/Page_AIAManager/input_PpyWorkPagepIsRapidDeliv' is clicked on

2017-11-14 08:43:11 - [TEST_STEP][PASSED] - click: Object: 'Object Repository/GOLive_Objects/Page_AIAManager/input_PpyWorkPagepIsCorporateM' is clicked on

2017-11-14 08:43:12 - [MESSAGE][PASSED] - Object: 'Object Repository/GOLive_Objects/Page_AIAManager/input_PpyWorkPagepIsCorporateM' is clicked on

2017-11-14 08:43:12 - [TEST_STEP][PASSED] - click: Object: 'Object Repository/GOLive_Objects/Page_AIAManager/input_PpyWorkPagepMinorRelease' is clicked on

2017-11-14 08:43:12 - [MESSAGE][PASSED] - Object: 'Object Repository/GOLive_Objects/Page_AIAManager/input_PpyWorkPagepMinorRelease' is clicked on

2017-11-14 08:43:12 - [TEST_STEP][PASSED] - selectOptionByValue: All options with value 'Pega-Led' are selected in object 'Object Repository/GOLive_Objects/Page_AIAManager/select_PpyWorkPagepDeliveryMod'  using regular expression

2017-11-14 08:43:12 - [MESSAGE][PASSED] - All options with value 'Pega-Led' are selected in object 'Object Repository/GOLive_Objects/Page_AIAManager/select_PpyWorkPagepDeliveryMod'  using regular expression

2017-11-14 08:43:12 - [TEST_STEP][PASSED] - click: Object: 'Object Repository/GOLive_Objects/Page_AIAManager/input_PpyWorkPagepIsCloudImpl' is clicked on

2017-11-14 08:43:12 - [MESSAGE][PASSED] - Object: 'Object Repository/GOLive_Objects/Page_AIAManager/input_PpyWorkPagepIsCloudImpl' is clicked on

2017-11-14 08:43:12 - [TEST_STEP][PASSED] - click: Object: 'Object Repository/GOLive_Objects/Page_AIAManager/input_PpyWorkPagepNoAssociated' is clicked on

2017-11-14 08:43:13 - [MESSAGE][PASSED] - Object: 'Object Repository/GOLive_Objects/Page_AIAManager/input_PpyWorkPagepNoAssociated' is clicked on

2017-11-14 08:43:13 - [TEST_STEP][PASSED] - scrollToElement: Scroll to object 'Object Repository/GOLive_Objects/Page_AIAManager/div_Next' successfully

2017-11-14 08:43:13 - [MESSAGE][PASSED] - Scroll to object 'Object Repository/GOLive_Objects/Page_AIAManager/div_Next' successfully

2017-11-14 08:43:13 - [TEST_STEP][PASSED] - delay: Delayed 10 second(s)

2017-11-14 08:43:23 - [MESSAGE][PASSED] - Delayed 10 second(s)

2017-11-14 08:43:23 - [TEST_STEP][PASSED] - check: Object 'Object Repository/GOLive_Objects/Page_AIAManager/input_PpyWorkPagepNoAssociated' is checked

2017-11-14 08:43:23 - [MESSAGE][PASSED] - Object 'Object Repository/GOLive_Objects/Page_AIAManager/input_PpyWorkPagepNoAssociated' is checked

2017-11-14 08:43:23 - [TEST_STEP][PASSED] - click: Object: 'Object Repository/GOLive_Objects/Page_AIAManager/div_Next' is clicked on

2017-11-14 08:43:23 - [MESSAGE][PASSED] - Object: 'Object Repository/GOLive_Objects/Page_AIAManager/div_Next' is clicked on

2017-11-14 08:43:23 - [TEST_STEP][PASSED] - scrollToElement: Scroll to object 'Object Repository/GOLive_Objects/Page_AIAManager/Save_Button' successfully

2017-11-14 08:43:23 - [MESSAGE][PASSED] - Scroll to object 'Object Repository/GOLive_Objects/Page_AIAManager/Save_Button' successfully

2017-11-14 08:43:23 - [TEST_STEP][PASSED] - click: Object: 'Object Repository/GOLive_Objects/Page_AIAManager/Save_Button' is clicked on

2017-11-14 08:43:24 - [MESSAGE][PASSED] - Object: 'Object Repository/GOLive_Objects/Page_AIAManager/Save_Button' is clicked on

2017-11-14 08:43:25 - [TEST_STEP][PASSED] - click: Object: 'Object Repository/GOLive_Objects/Page_AIAManager/Close_theWO' is clicked on

2017-11-14 08:43:25 - [MESSAGE][PASSED] - Object: 'Object Repository/GOLive_Objects/Page_AIAManager/Close_theWO' is clicked on]]></system-out>
         <system-err><![CDATA[]]></system-err>
      </testcase>
      <system-out><![CDATA[2017-11-14 08:42:41 - [TEST_SUITE][PASSED] - GoLive: Test Cases/GOLIVE/Enter Announcement Details]]></system-out>
      <system-err><![CDATA[]]></system-err>
   </testsuite>
</testsuites>
